{"/home/travis/build/npmtest/node-npmtest-cordova-plugin-googlemaps/test.js":{"path":"/home/travis/build/npmtest/node-npmtest-cordova-plugin-googlemaps/test.js","s":{"1":2,"2":2,"3":2,"4":2,"5":2,"6":2,"7":2,"8":1,"9":2,"10":2,"11":1,"12":1,"13":1,"14":1,"15":2,"16":2,"17":2,"18":2,"19":1,"20":1,"21":2,"22":2,"23":2,"24":1,"25":1,"26":1,"27":1,"28":1,"29":1,"30":1,"31":1,"32":1,"33":1,"34":1,"35":1,"36":1,"37":1,"38":1,"39":2,"40":2,"41":1,"42":2,"43":2,"44":1,"45":2,"46":2,"47":1,"48":2,"49":2,"50":1,"51":1,"52":1,"53":1,"54":1},"b":{"1":[2,1,1,1],"2":[1,1,1,1],"3":[1,1],"4":[1,1],"5":[1,1],"6":[1,1],"7":[1,1],"8":[1,1],"9":[1,1],"10":[1,1,1],"11":[1,1],"12":[1,1],"13":[1,1],"14":[1,1],"15":[1,1],"16":[1,1],"17":[1,1]},"f":{"1":2,"2":2,"3":2,"4":2,"5":2,"6":1,"7":1,"8":1,"9":2,"10":2,"11":2,"12":2,"13":1},"fnMap":{"1":{"name":"(anonymous_1)","line":12,"loc":{"start":{"line":12,"column":1},"end":{"line":12,"column":13}}},"2":{"name":"(anonymous_2)","line":19,"loc":{"start":{"line":19,"column":5},"end":{"line":19,"column":17}}},"3":{"name":"(anonymous_3)","line":23,"loc":{"start":{"line":23,"column":24},"end":{"line":23,"column":36}}},"4":{"name":"(anonymous_4)","line":61,"loc":{"start":{"line":61,"column":5},"end":{"line":61,"column":17}}},"5":{"name":"(anonymous_5)","line":82,"loc":{"start":{"line":82,"column":5},"end":{"line":82,"column":17}}},"6":{"name":"(anonymous_6)","line":91,"loc":{"start":{"line":91,"column":77},"end":{"line":94,"column":10}}},"7":{"name":"(anonymous_7)","line":112,"loc":{"start":{"line":112,"column":83},"end":{"line":115,"column":10}},"skip":true},"8":{"name":"(anonymous_8)","line":123,"loc":{"start":{"line":123,"column":77},"end":{"line":126,"column":10}},"skip":true},"9":{"name":"(anonymous_9)","line":139,"loc":{"start":{"line":139,"column":12},"end":{"line":139,"column":40}},"skip":true},"10":{"name":"(anonymous_10)","line":147,"loc":{"start":{"line":147,"column":77},"end":{"line":150,"column":10}},"skip":true},"11":{"name":"(anonymous_11)","line":158,"loc":{"start":{"line":158,"column":83},"end":{"line":161,"column":10}},"skip":true},"12":{"name":"(anonymous_12)","line":169,"loc":{"start":{"line":169,"column":79},"end":{"line":172,"column":10}},"skip":true},"13":{"name":"(anonymous_13)","line":180,"loc":{"start":{"line":180,"column":75},"end":{"line":183,"column":10}},"skip":true}},"statementMap":{"1":{"start":{"line":12,"column":0},"end":{"line":195,"column":5}},"2":{"start":{"line":14,"column":4},"end":{"line":14,"column":14}},"3":{"start":{"line":19,"column":4},"end":{"line":56,"column":9}},"4":{"start":{"line":21,"column":8},"end":{"line":21,"column":19}},"5":{"start":{"line":23,"column":8},"end":{"line":35,"column":13}},"6":{"start":{"line":24,"column":12},"end":{"line":34,"column":13}},"7":{"start":{"line":25,"column":16},"end":{"line":28,"column":30}},"8":{"start":{"line":30,"column":16},"end":{"line":33,"column":27}},"9":{"start":{"line":37,"column":8},"end":{"line":39,"column":21}},"10":{"start":{"line":40,"column":8},"end":{"line":53,"column":9}},"11":{"start":{"line":43,"column":12},"end":{"line":46,"column":14}},"12":{"start":{"line":47,"column":12},"end":{"line":47,"column":18}},"13":{"start":{"line":50,"column":12},"end":{"line":51,"column":33}},"14":{"start":{"line":52,"column":12},"end":{"line":52,"column":18}},"15":{"start":{"line":55,"column":8},"end":{"line":55,"column":35}},"16":{"start":{"line":61,"column":4},"end":{"line":63,"column":9}},"17":{"start":{"line":62,"column":8},"end":{"line":62,"column":15}},"18":{"start":{"line":64,"column":4},"end":{"line":77,"column":5}},"19":{"start":{"line":70,"column":8},"end":{"line":70,"column":14}},"20":{"start":{"line":76,"column":8},"end":{"line":76,"column":14}},"21":{"start":{"line":82,"column":4},"end":{"line":84,"column":9}},"22":{"start":{"line":83,"column":8},"end":{"line":83,"column":15}},"23":{"start":{"line":85,"column":4},"end":{"line":194,"column":5}},"24":{"start":{"line":91,"column":8},"end":{"line":99,"column":10}},"25":{"start":{"line":98,"column":12},"end":{"line":98,"column":35}},"26":{"start":{"line":102,"column":8},"end":{"line":104,"column":63}},"27":{"start":{"line":105,"column":8},"end":{"line":105,"column":14}},"28":{"start":{"line":112,"column":8},"end":{"line":121,"column":10},"skip":true},"29":{"start":{"line":119,"column":12},"end":{"line":119,"column":55},"skip":true},"30":{"start":{"line":120,"column":12},"end":{"line":120,"column":48},"skip":true},"31":{"start":{"line":123,"column":8},"end":{"line":136,"column":10},"skip":true},"32":{"start":{"line":130,"column":12},"end":{"line":130,"column":76},"skip":true},"33":{"start":{"line":131,"column":12},"end":{"line":131,"column":73},"skip":true},"34":{"start":{"line":132,"column":12},"end":{"line":132,"column":74},"skip":true},"35":{"start":{"line":133,"column":12},"end":{"line":133,"column":79},"skip":true},"36":{"start":{"line":134,"column":12},"end":{"line":134,"column":25},"skip":true},"37":{"start":{"line":135,"column":12},"end":{"line":135,"column":45},"skip":true},"38":{"start":{"line":138,"column":8},"end":{"line":145,"column":14},"skip":true},"39":{"start":{"line":143,"column":16},"end":{"line":143,"column":29},"skip":true},"40":{"start":{"line":144,"column":16},"end":{"line":144,"column":55},"skip":true},"41":{"start":{"line":147,"column":8},"end":{"line":156,"column":10},"skip":true},"42":{"start":{"line":154,"column":12},"end":{"line":154,"column":25},"skip":true},"43":{"start":{"line":155,"column":12},"end":{"line":155,"column":45},"skip":true},"44":{"start":{"line":158,"column":8},"end":{"line":167,"column":10},"skip":true},"45":{"start":{"line":165,"column":12},"end":{"line":165,"column":25},"skip":true},"46":{"start":{"line":166,"column":12},"end":{"line":166,"column":48},"skip":true},"47":{"start":{"line":169,"column":8},"end":{"line":178,"column":10},"skip":true},"48":{"start":{"line":176,"column":12},"end":{"line":176,"column":25},"skip":true},"49":{"start":{"line":177,"column":12},"end":{"line":177,"column":46},"skip":true},"50":{"start":{"line":180,"column":8},"end":{"line":189,"column":10},"skip":true},"51":{"start":{"line":187,"column":12},"end":{"line":187,"column":94},"skip":true},"52":{"start":{"line":188,"column":12},"end":{"line":188,"column":48},"skip":true},"53":{"start":{"line":192,"column":8},"end":{"line":192,"column":35},"skip":true},"54":{"start":{"line":193,"column":8},"end":{"line":193,"column":14},"skip":true}},"branchMap":{"1":{"line":25,"type":"binary-expr","locations":[{"start":{"line":25,"column":23},"end":{"line":25,"column":62}},{"start":{"line":26,"column":20},"end":{"line":26,"column":70}},{"start":{"line":27,"column":20},"end":{"line":27,"column":71}},{"start":{"line":28,"column":20},"end":{"line":28,"column":29}}]},"2":{"line":30,"type":"binary-expr","locations":[{"start":{"line":30,"column":23},"end":{"line":30,"column":37}},{"start":{"line":31,"column":20},"end":{"line":31,"column":61}},{"start":{"line":32,"column":20},"end":{"line":32,"column":70}},{"start":{"line":33,"column":20},"end":{"line":33,"column":26}}]},"3":{"line":37,"type":"cond-expr","locations":[{"start":{"line":38,"column":14},"end":{"line":38,"column":20}},{"start":{"line":39,"column":14},"end":{"line":39,"column":20}}]},"4":{"line":40,"type":"switch","locations":[{"start":{"line":42,"column":8},"end":{"line":47,"column":18}},{"start":{"line":49,"column":8},"end":{"line":52,"column":18}}]},"5":{"line":44,"type":"binary-expr","locations":[{"start":{"line":44,"column":16},"end":{"line":44,"column":44}},{"start":{"line":44,"column":48},"end":{"line":44,"column":66}}]},"6":{"line":50,"type":"binary-expr","locations":[{"start":{"line":50,"column":21},"end":{"line":50,"column":49}},{"start":{"line":50,"column":53},"end":{"line":50,"column":72}}]},"7":{"line":64,"type":"switch","locations":[{"start":{"line":69,"column":4},"end":{"line":70,"column":14}},{"start":{"line":75,"column":4},"end":{"line":76,"column":14}}]},"8":{"line":85,"type":"switch","locations":[{"start":{"line":90,"column":4},"end":{"line":105,"column":14}},{"start":{"line":111,"column":4},"end":{"line":193,"column":14},"skip":true}]},"9":{"line":91,"type":"binary-expr","locations":[{"start":{"line":91,"column":42},"end":{"line":91,"column":73}},{"start":{"line":91,"column":77},"end":{"line":99,"column":9}}]},"10":{"line":102,"type":"binary-expr","locations":[{"start":{"line":102,"column":18},"end":{"line":102,"column":32}},{"start":{"line":103,"column":12},"end":{"line":103,"column":53}},{"start":{"line":104,"column":12},"end":{"line":104,"column":61}}]},"11":{"line":112,"type":"binary-expr","locations":[{"start":{"line":112,"column":45},"end":{"line":112,"column":79},"skip":true},{"start":{"line":112,"column":83},"end":{"line":121,"column":9},"skip":true}]},"12":{"line":123,"type":"binary-expr","locations":[{"start":{"line":123,"column":42},"end":{"line":123,"column":73},"skip":true},{"start":{"line":123,"column":77},"end":{"line":136,"column":9},"skip":true}]},"13":{"line":138,"type":"binary-expr","locations":[{"start":{"line":138,"column":48},"end":{"line":138,"column":85},"skip":true},{"start":{"line":139,"column":12},"end":{"line":145,"column":13},"skip":true}]},"14":{"line":147,"type":"binary-expr","locations":[{"start":{"line":147,"column":42},"end":{"line":147,"column":73},"skip":true},{"start":{"line":147,"column":77},"end":{"line":156,"column":9},"skip":true}]},"15":{"line":158,"type":"binary-expr","locations":[{"start":{"line":158,"column":45},"end":{"line":158,"column":79},"skip":true},{"start":{"line":158,"column":83},"end":{"line":167,"column":9},"skip":true}]},"16":{"line":169,"type":"binary-expr","locations":[{"start":{"line":169,"column":43},"end":{"line":169,"column":75},"skip":true},{"start":{"line":169,"column":79},"end":{"line":178,"column":9},"skip":true}]},"17":{"line":180,"type":"binary-expr","locations":[{"start":{"line":180,"column":41},"end":{"line":180,"column":71},"skip":true},{"start":{"line":180,"column":75},"end":{"line":189,"column":9},"skip":true}]}},"code":["/* istanbul instrument in package npmtest_cordova_plugin_googlemaps */","/*jslint","    bitwise: true,","    browser: true,","    maxerr: 8,","    maxlen: 96,","    node: true,","    nomen: true,","    regexp: true,","    stupid: true","*/","(function () {","    'use strict';","    var local;","","","","    // run shared js-env code - pre-init","    (function () {","        // init local","        local = {};","        // init modeJs","        local.modeJs = (function () {","            try {","                return typeof navigator.userAgent === 'string' &&","                    typeof document.querySelector('body') === 'object' &&","                    typeof XMLHttpRequest.prototype.open === 'function' &&","                    'browser';","            } catch (errorCaughtBrowser) {","                return module.exports &&","                    typeof process.versions.node === 'string' &&","                    typeof require('http').createServer === 'function' &&","                    'node';","            }","        }());","        // init global","        local.global = local.modeJs === 'browser'","            ? window","            : global;","        switch (local.modeJs) {","        // re-init local from window.local","        case 'browser':","            local = local.global.utility2.objectSetDefault(","                local.global.utility2_rollup || local.global.local,","                local.global.utility2","            );","            break;","        // re-init local from example.js","        case 'node':","            local = (local.global.utility2_rollup || require('utility2'))","                .requireReadme();","            break;","        }","        // export local","        local.global.local = local;","    }());","","","","    // run shared js-env code - function","    (function () {","        return;","    }());","    switch (local.modeJs) {","","","","    // run browser js-env code - function","    case 'browser':","        break;","","","","    // run node js-env code - function","    case 'node':","        break;","    }","","","","    // run shared js-env code - post-init","    (function () {","        return;","    }());","    switch (local.modeJs) {","","","","    // run browser js-env code - post-init","    case 'browser':","        local.testCase_browser_nullCase = local.testCase_browser_nullCase || function (","            options,","            onError","        ) {","        /*","         * this function will test browsers's null-case handling-behavior-behavior","         */","            onError(null, options);","        };","","        // run tests","        local.nop(local.modeTest &&","            document.querySelector('#testRunButton1') &&","            document.querySelector('#testRunButton1').click());","        break;","","","","    // run node js-env code - post-init","    /* istanbul ignore next */","    case 'node':","        local.testCase_buildApidoc_default = local.testCase_buildApidoc_default || function (","            options,","            onError","        ) {","        /*","         * this function will test buildApidoc's default handling-behavior-behavior","         */","            options = { modulePathList: module.paths };","            local.buildApidoc(options, onError);","        };","","        local.testCase_buildApp_default = local.testCase_buildApp_default || function (","            options,","            onError","        ) {","        /*","         * this function will test buildApp's default handling-behavior-behavior","         */","            local.testCase_buildReadme_default(options, local.onErrorThrow);","            local.testCase_buildLib_default(options, local.onErrorThrow);","            local.testCase_buildTest_default(options, local.onErrorThrow);","            local.testCase_buildCustomOrg_default(options, local.onErrorThrow);","            options = [];","            local.buildApp(options, onError);","        };","","        local.testCase_buildCustomOrg_default = local.testCase_buildCustomOrg_default ||","            function (options, onError) {","            /*","             * this function will test buildCustomOrg's default handling-behavior","             */","                options = {};","                local.buildCustomOrg(options, onError);","            };","","        local.testCase_buildLib_default = local.testCase_buildLib_default || function (","            options,","            onError","        ) {","        /*","         * this function will test buildLib's default handling-behavior","         */","            options = {};","            local.buildLib(options, onError);","        };","","        local.testCase_buildReadme_default = local.testCase_buildReadme_default || function (","            options,","            onError","        ) {","        /*","         * this function will test buildReadme's default handling-behavior-behavior","         */","            options = {};","            local.buildReadme(options, onError);","        };","","        local.testCase_buildTest_default = local.testCase_buildTest_default || function (","            options,","            onError","        ) {","        /*","         * this function will test buildTest's default handling-behavior","         */","            options = {};","            local.buildTest(options, onError);","        };","","        local.testCase_webpage_default = local.testCase_webpage_default || function (","            options,","            onError","        ) {","        /*","         * this function will test webpage's default handling-behavior","         */","            options = { modeCoverageMerge: true, url: local.serverLocalHost + '?modeTest=1' };","            local.browserTest(options, onError);","        };","","        // run test-server","        local.testRunServer(local);","        break;","    }","}());",""],"l":{"12":2,"14":2,"19":2,"21":2,"23":2,"24":2,"25":2,"30":1,"37":2,"40":2,"43":1,"47":1,"50":1,"52":1,"55":2,"61":2,"62":2,"64":2,"70":1,"76":1,"82":2,"83":2,"85":2,"91":1,"98":1,"102":1,"105":1,"112":1,"119":1,"120":1,"123":1,"130":1,"131":1,"132":1,"133":1,"134":1,"135":1,"138":1,"143":2,"144":2,"147":1,"154":2,"155":2,"158":1,"165":2,"166":2,"169":1,"176":2,"177":2,"180":1,"187":1,"188":1,"192":1,"193":1}},"/home/travis/build/npmtest/node-npmtest-cordova-plugin-googlemaps/lib.npmtest_cordova_plugin_googlemaps.js":{"path":"/home/travis/build/npmtest/node-npmtest-cordova-plugin-googlemaps/lib.npmtest_cordova_plugin_googlemaps.js","s":{"1":2,"2":2,"3":2,"4":2,"5":2,"6":2,"7":2,"8":1,"9":2,"10":2,"11":2,"12":2,"13":1,"14":1,"15":1,"16":1},"b":{"1":[2,1,1,1],"2":[1,1,1,1],"3":[1,1],"4":[2,2],"5":[1,1]},"f":{"1":2,"2":2,"3":2},"fnMap":{"1":{"name":"(anonymous_1)","line":12,"loc":{"start":{"line":12,"column":1},"end":{"line":12,"column":13}}},"2":{"name":"(anonymous_2)","line":19,"loc":{"start":{"line":19,"column":5},"end":{"line":19,"column":17}}},"3":{"name":"(anonymous_3)","line":23,"loc":{"start":{"line":23,"column":24},"end":{"line":23,"column":36}}}},"statementMap":{"1":{"start":{"line":12,"column":0},"end":{"line":53,"column":5}},"2":{"start":{"line":14,"column":4},"end":{"line":14,"column":14}},"3":{"start":{"line":19,"column":4},"end":{"line":52,"column":9}},"4":{"start":{"line":21,"column":8},"end":{"line":21,"column":19}},"5":{"start":{"line":23,"column":8},"end":{"line":35,"column":13}},"6":{"start":{"line":24,"column":12},"end":{"line":34,"column":13}},"7":{"start":{"line":25,"column":16},"end":{"line":28,"column":30}},"8":{"start":{"line":30,"column":16},"end":{"line":33,"column":27}},"9":{"start":{"line":37,"column":8},"end":{"line":39,"column":21}},"10":{"start":{"line":41,"column":8},"end":{"line":41,"column":54}},"11":{"start":{"line":43,"column":8},"end":{"line":43,"column":70}},"12":{"start":{"line":45,"column":8},"end":{"line":51,"column":9}},"13":{"start":{"line":46,"column":12},"end":{"line":46,"column":76}},"14":{"start":{"line":48,"column":12},"end":{"line":48,"column":35}},"15":{"start":{"line":49,"column":12},"end":{"line":49,"column":49}},"16":{"start":{"line":50,"column":12},"end":{"line":50,"column":43}}},"branchMap":{"1":{"line":25,"type":"binary-expr","locations":[{"start":{"line":25,"column":23},"end":{"line":25,"column":62}},{"start":{"line":26,"column":20},"end":{"line":26,"column":70}},{"start":{"line":27,"column":20},"end":{"line":27,"column":71}},{"start":{"line":28,"column":20},"end":{"line":28,"column":29}}]},"2":{"line":30,"type":"binary-expr","locations":[{"start":{"line":30,"column":23},"end":{"line":30,"column":37}},{"start":{"line":31,"column":20},"end":{"line":31,"column":61}},{"start":{"line":32,"column":20},"end":{"line":32,"column":70}},{"start":{"line":33,"column":20},"end":{"line":33,"column":26}}]},"3":{"line":37,"type":"cond-expr","locations":[{"start":{"line":38,"column":14},"end":{"line":38,"column":20}},{"start":{"line":39,"column":14},"end":{"line":39,"column":20}}]},"4":{"line":41,"type":"binary-expr","locations":[{"start":{"line":41,"column":16},"end":{"line":41,"column":44}},{"start":{"line":41,"column":48},"end":{"line":41,"column":53}}]},"5":{"line":45,"type":"if","locations":[{"start":{"line":45,"column":8},"end":{"line":45,"column":8}},{"start":{"line":45,"column":8},"end":{"line":45,"column":8}}]}},"code":["/* istanbul instrument in package npmtest_cordova_plugin_googlemaps */","/*jslint","    bitwise: true,","    browser: true,","    maxerr: 8,","    maxlen: 96,","    node: true,","    nomen: true,","    regexp: true,","    stupid: true","*/","(function () {","    'use strict';","    var local;","","","","    // run shared js-env code - pre-init","    (function () {","        // init local","        local = {};","        // init modeJs","        local.modeJs = (function () {","            try {","                return typeof navigator.userAgent === 'string' &&","                    typeof document.querySelector('body') === 'object' &&","                    typeof XMLHttpRequest.prototype.open === 'function' &&","                    'browser';","            } catch (errorCaughtBrowser) {","                return module.exports &&","                    typeof process.versions.node === 'string' &&","                    typeof require('http').createServer === 'function' &&","                    'node';","            }","        }());","        // init global","        local.global = local.modeJs === 'browser'","            ? window","            : global;","        // init utility2_rollup","        local = local.global.utility2_rollup || local;","        // init lib","        local.local = local.npmtest_cordova_plugin_googlemaps = local;","        // init exports","        if (local.modeJs === 'browser') {","            local.global.utility2_npmtest_cordova_plugin_googlemaps = local;","        } else {","            module.exports = local;","            module.exports.__dirname = __dirname;","            module.exports.module = module;","        }","    }());","}());",""],"l":{"12":2,"14":2,"19":2,"21":2,"23":2,"24":2,"25":2,"30":1,"37":2,"41":2,"43":2,"45":2,"46":1,"48":1,"49":1,"50":1}},"/home/travis/build/npmtest/node-npmtest-cordova-plugin-googlemaps/example.js":{"path":"/home/travis/build/npmtest/node-npmtest-cordova-plugin-googlemaps/example.js","s":{"1":2,"2":2,"3":2,"4":2,"5":2,"6":2,"7":2,"8":1,"9":2,"10":2,"11":2,"12":2,"13":1,"14":2,"15":2,"16":2,"17":2,"18":2,"19":0,"20":2,"21":1,"22":1,"23":1,"24":1,"25":1,"26":0,"27":0,"28":1,"29":1,"30":2,"31":0,"32":0,"33":0,"34":1,"35":2,"36":2,"37":3,"38":3,"39":3,"40":3,"41":0,"42":3,"43":3,"44":3,"45":1,"46":3,"47":1,"48":1,"49":1,"50":1,"51":1,"52":1,"53":1,"54":1,"55":1,"56":1,"57":0,"58":1,"59":6,"60":6,"61":1,"62":2,"63":0,"64":2,"65":1,"66":1,"67":0,"68":0,"69":0,"70":0,"71":0,"72":0,"73":0,"74":0,"75":0,"76":0,"77":0,"78":0,"79":0,"80":0,"81":0,"82":0,"83":0},"b":{"1":[2,1,1,1],"2":[1,1,1,1],"3":[1,1],"4":[2,2],"5":[1,1],"6":[1,1],"7":[2,0],"8":[2,1,1,1,1,1],"9":[0,2,0],"10":[1,1],"11":[2,1,1],"12":[1,0],"13":[0,2],"14":[2,0,0,0,0,0,0],"15":[0,3],"16":[3,0],"17":[1,1],"18":[0,1],"19":[1,2,0,2],"20":[1,0],"21":[1,1],"22":[0,0],"23":[0,0],"24":[0,0],"25":[0,0],"26":[0,0],"27":[0,0],"28":[0,0]},"f":{"1":2,"2":2,"3":2,"4":2,"5":2,"6":2,"7":3,"8":3,"9":3,"10":1,"11":6,"12":0},"fnMap":{"1":{"name":"(anonymous_1)","line":26,"loc":{"start":{"line":26,"column":1},"end":{"line":26,"column":13}}},"2":{"name":"(anonymous_2)","line":33,"loc":{"start":{"line":33,"column":5},"end":{"line":33,"column":17}}},"3":{"name":"(anonymous_3)","line":37,"loc":{"start":{"line":37,"column":24},"end":{"line":37,"column":36}}},"4":{"name":"(anonymous_4)","line":69,"loc":{"start":{"line":69,"column":31},"end":{"line":69,"column":48}},"skip":true},"5":{"name":"(anonymous_5)","line":78,"loc":{"start":{"line":78,"column":26},"end":{"line":78,"column":45}},"skip":true},"6":{"name":"(anonymous_6)","line":123,"loc":{"start":{"line":123,"column":33},"end":{"line":123,"column":48}},"skip":true},"7":{"name":"(anonymous_7)","line":125,"loc":{"start":{"line":125,"column":27},"end":{"line":125,"column":39}},"skip":true},"8":{"name":"(anonymous_8)","line":133,"loc":{"start":{"line":133,"column":59},"end":{"line":133,"column":74}},"skip":true},"9":{"name":"(anonymous_9)","line":143,"loc":{"start":{"line":143,"column":45},"end":{"line":143,"column":62}},"skip":true},"10":{"name":"(anonymous_10)","line":144,"loc":{"start":{"line":144,"column":73},"end":{"line":144,"column":92}},"skip":true},"11":{"name":"(anonymous_11)","line":272,"loc":{"start":{"line":272,"column":51},"end":{"line":272,"column":77}},"skip":true},"12":{"name":"(anonymous_12)","line":315,"loc":{"start":{"line":315,"column":32},"end":{"line":315,"column":61}},"skip":true}},"statementMap":{"1":{"start":{"line":26,"column":0},"end":{"line":326,"column":5}},"2":{"start":{"line":28,"column":4},"end":{"line":28,"column":14}},"3":{"start":{"line":33,"column":4},"end":{"line":60,"column":9}},"4":{"start":{"line":35,"column":8},"end":{"line":35,"column":19}},"5":{"start":{"line":37,"column":8},"end":{"line":49,"column":13}},"6":{"start":{"line":38,"column":12},"end":{"line":48,"column":13}},"7":{"start":{"line":39,"column":16},"end":{"line":42,"column":30}},"8":{"start":{"line":44,"column":16},"end":{"line":47,"column":27}},"9":{"start":{"line":51,"column":8},"end":{"line":53,"column":21}},"10":{"start":{"line":55,"column":8},"end":{"line":57,"column":45}},"11":{"start":{"line":59,"column":8},"end":{"line":59,"column":35}},"12":{"start":{"line":61,"column":4},"end":{"line":325,"column":5}},"13":{"start":{"line":69,"column":8},"end":{"line":121,"column":10},"skip":true},"14":{"start":{"line":70,"column":12},"end":{"line":88,"column":13},"skip":true},"15":{"start":{"line":76,"column":16},"end":{"line":87,"column":19},"skip":true},"16":{"start":{"line":79,"column":20},"end":{"line":86,"column":21},"skip":true},"17":{"start":{"line":82,"column":24},"end":{"line":82,"column":43},"skip":true},"18":{"start":{"line":83,"column":24},"end":{"line":83,"column":30},"skip":true},"19":{"start":{"line":85,"column":24},"end":{"line":85,"column":49},"skip":true},"20":{"start":{"line":89,"column":12},"end":{"line":107,"column":13},"skip":true},"21":{"start":{"line":92,"column":16},"end":{"line":102,"column":17},"skip":true},"22":{"start":{"line":93,"column":20},"end":{"line":93,"column":86},"skip":true},"23":{"start":{"line":94,"column":20},"end":{"line":95,"column":45},"skip":true},"24":{"start":{"line":96,"column":20},"end":{"line":96,"column":42},"skip":true},"25":{"start":{"line":97,"column":20},"end":{"line":97,"column":48},"skip":true},"26":{"start":{"line":100,"column":20},"end":{"line":100,"column":85},"skip":true},"27":{"start":{"line":101,"column":20},"end":{"line":101,"column":96},"skip":true},"28":{"start":{"line":103,"column":16},"end":{"line":103,"column":22},"skip":true},"29":{"start":{"line":106,"column":16},"end":{"line":106,"column":22},"skip":true},"30":{"start":{"line":108,"column":12},"end":{"line":120,"column":13},"skip":true},"31":{"start":{"line":114,"column":16},"end":{"line":119,"column":17},"skip":true},"32":{"start":{"line":116,"column":20},"end":{"line":116,"column":78},"skip":true},"33":{"start":{"line":118,"column":20},"end":{"line":118,"column":47},"skip":true},"34":{"start":{"line":123,"column":8},"end":{"line":141,"column":11},"skip":true},"35":{"start":{"line":124,"column":12},"end":{"line":124,"column":54},"skip":true},"36":{"start":{"line":125,"column":12},"end":{"line":140,"column":14},"skip":true},"37":{"start":{"line":126,"column":16},"end":{"line":126,"column":28},"skip":true},"38":{"start":{"line":127,"column":16},"end":{"line":127,"column":69},"skip":true},"39":{"start":{"line":128,"column":16},"end":{"line":128,"column":75},"skip":true},"40":{"start":{"line":129,"column":16},"end":{"line":131,"column":17},"skip":true},"41":{"start":{"line":130,"column":20},"end":{"line":130,"column":27},"skip":true},"42":{"start":{"line":133,"column":16},"end":{"line":137,"column":36},"skip":true},"43":{"start":{"line":134,"column":20},"end":{"line":136,"column":55},"skip":true},"44":{"start":{"line":139,"column":16},"end":{"line":139,"column":57},"skip":true},"45":{"start":{"line":143,"column":8},"end":{"line":147,"column":11},"skip":true},"46":{"start":{"line":144,"column":12},"end":{"line":146,"column":15},"skip":true},"47":{"start":{"line":145,"column":16},"end":{"line":145,"column":70},"skip":true},"48":{"start":{"line":149,"column":8},"end":{"line":149,"column":31},"skip":true},"49":{"start":{"line":150,"column":8},"end":{"line":150,"column":14},"skip":true},"50":{"start":{"line":158,"column":8},"end":{"line":158,"column":31},"skip":true},"51":{"start":{"line":160,"column":8},"end":{"line":160,"column":33},"skip":true},"52":{"start":{"line":161,"column":8},"end":{"line":161,"column":37},"skip":true},"53":{"start":{"line":162,"column":8},"end":{"line":162,"column":35},"skip":true},"54":{"start":{"line":164,"column":8},"end":{"line":164,"column":50},"skip":true},"55":{"start":{"line":166,"column":8},"end":{"line":256,"column":2},"skip":true},"56":{"start":{"line":258,"column":8},"end":{"line":286,"column":9},"skip":true},"57":{"start":{"line":259,"column":12},"end":{"line":269,"column":14},"skip":true},"58":{"start":{"line":271,"column":12},"end":{"line":285,"column":19},"skip":true},"59":{"start":{"line":274,"column":20},"end":{"line":274,"column":35},"skip":true},"60":{"start":{"line":275,"column":20},"end":{"line":284,"column":21},"skip":true},"61":{"start":{"line":277,"column":24},"end":{"line":277,"column":64},"skip":true},"62":{"start":{"line":279,"column":24},"end":{"line":279,"column":40},"skip":true},"63":{"start":{"line":281,"column":24},"end":{"line":281,"column":40},"skip":true},"64":{"start":{"line":283,"column":24},"end":{"line":283,"column":39},"skip":true},"65":{"start":{"line":288,"column":8},"end":{"line":290,"column":9},"skip":true},"66":{"start":{"line":289,"column":12},"end":{"line":289,"column":18},"skip":true},"67":{"start":{"line":291,"column":8},"end":{"line":293,"column":54},"skip":true},"68":{"start":{"line":296,"column":8},"end":{"line":301,"column":37},"skip":true},"69":{"start":{"line":303,"column":8},"end":{"line":303,"column":82},"skip":true},"70":{"start":{"line":306,"column":8},"end":{"line":308,"column":9},"skip":true},"71":{"start":{"line":307,"column":12},"end":{"line":307,"column":82},"skip":true},"72":{"start":{"line":310,"column":8},"end":{"line":312,"column":9},"skip":true},"73":{"start":{"line":311,"column":12},"end":{"line":311,"column":18},"skip":true},"74":{"start":{"line":313,"column":8},"end":{"line":313,"column":54},"skip":true},"75":{"start":{"line":314,"column":8},"end":{"line":314,"column":69},"skip":true},"76":{"start":{"line":315,"column":8},"end":{"line":323,"column":36},"skip":true},"77":{"start":{"line":316,"column":12},"end":{"line":316,"column":61},"skip":true},"78":{"start":{"line":317,"column":12},"end":{"line":320,"column":13},"skip":true},"79":{"start":{"line":318,"column":16},"end":{"line":318,"column":75},"skip":true},"80":{"start":{"line":319,"column":16},"end":{"line":319,"column":23},"skip":true},"81":{"start":{"line":321,"column":12},"end":{"line":321,"column":38},"skip":true},"82":{"start":{"line":322,"column":12},"end":{"line":322,"column":27},"skip":true},"83":{"start":{"line":324,"column":8},"end":{"line":324,"column":14},"skip":true}},"branchMap":{"1":{"line":39,"type":"binary-expr","locations":[{"start":{"line":39,"column":23},"end":{"line":39,"column":62}},{"start":{"line":40,"column":20},"end":{"line":40,"column":70}},{"start":{"line":41,"column":20},"end":{"line":41,"column":71}},{"start":{"line":42,"column":20},"end":{"line":42,"column":29}}]},"2":{"line":44,"type":"binary-expr","locations":[{"start":{"line":44,"column":23},"end":{"line":44,"column":37}},{"start":{"line":45,"column":20},"end":{"line":45,"column":61}},{"start":{"line":46,"column":20},"end":{"line":46,"column":70}},{"start":{"line":47,"column":20},"end":{"line":47,"column":26}}]},"3":{"line":51,"type":"cond-expr","locations":[{"start":{"line":52,"column":14},"end":{"line":52,"column":20}},{"start":{"line":53,"column":14},"end":{"line":53,"column":20}}]},"4":{"line":55,"type":"binary-expr","locations":[{"start":{"line":55,"column":16},"end":{"line":55,"column":44}},{"start":{"line":55,"column":49},"end":{"line":57,"column":43}}]},"5":{"line":55,"type":"cond-expr","locations":[{"start":{"line":56,"column":14},"end":{"line":56,"column":69}},{"start":{"line":57,"column":14},"end":{"line":57,"column":43}}]},"6":{"line":61,"type":"switch","locations":[{"start":{"line":68,"column":4},"end":{"line":150,"column":14},"skip":true},{"start":{"line":156,"column":4},"end":{"line":324,"column":14},"skip":true}]},"7":{"line":70,"type":"if","locations":[{"start":{"line":70,"column":12},"end":{"line":70,"column":12},"skip":true},{"start":{"line":70,"column":12},"end":{"line":70,"column":12},"skip":true}]},"8":{"line":70,"type":"binary-expr","locations":[{"start":{"line":70,"column":16},"end":{"line":70,"column":22},"skip":true},{"start":{"line":70,"column":27},"end":{"line":70,"column":32},"skip":true},{"start":{"line":71,"column":20},"end":{"line":71,"column":39},"skip":true},{"start":{"line":72,"column":20},"end":{"line":72,"column":49},"skip":true},{"start":{"line":73,"column":20},"end":{"line":73,"column":58},"skip":true},{"start":{"line":74,"column":20},"end":{"line":74,"column":69},"skip":true}]},"9":{"line":79,"type":"switch","locations":[{"start":{"line":80,"column":20},"end":{"line":80,"column":33},"skip":true},{"start":{"line":81,"column":20},"end":{"line":83,"column":30},"skip":true},{"start":{"line":84,"column":20},"end":{"line":85,"column":49},"skip":true}]},"10":{"line":89,"type":"switch","locations":[{"start":{"line":90,"column":12},"end":{"line":103,"column":22},"skip":true},{"start":{"line":105,"column":12},"end":{"line":106,"column":22},"skip":true}]},"11":{"line":89,"type":"binary-expr","locations":[{"start":{"line":89,"column":20},"end":{"line":89,"column":25},"skip":true},{"start":{"line":89,"column":29},"end":{"line":89,"column":48},"skip":true},{"start":{"line":89,"column":52},"end":{"line":89,"column":74},"skip":true}]},"12":{"line":92,"type":"if","locations":[{"start":{"line":92,"column":16},"end":{"line":92,"column":16},"skip":true},{"start":{"line":92,"column":16},"end":{"line":92,"column":16},"skip":true}]},"13":{"line":108,"type":"if","locations":[{"start":{"line":108,"column":12},"end":{"line":108,"column":12},"skip":true},{"start":{"line":108,"column":12},"end":{"line":108,"column":12},"skip":true}]},"14":{"line":108,"type":"binary-expr","locations":[{"start":{"line":108,"column":16},"end":{"line":108,"column":61},"skip":true},{"start":{"line":108,"column":66},"end":{"line":108,"column":72},"skip":true},{"start":{"line":108,"column":77},"end":{"line":108,"column":82},"skip":true},{"start":{"line":109,"column":20},"end":{"line":109,"column":39},"skip":true},{"start":{"line":110,"column":20},"end":{"line":110,"column":49},"skip":true},{"start":{"line":111,"column":20},"end":{"line":111,"column":58},"skip":true},{"start":{"line":112,"column":20},"end":{"line":112,"column":68},"skip":true}]},"15":{"line":129,"type":"if","locations":[{"start":{"line":129,"column":16},"end":{"line":129,"column":16},"skip":true},{"start":{"line":129,"column":16},"end":{"line":129,"column":16},"skip":true}]},"16":{"line":134,"type":"cond-expr","locations":[{"start":{"line":135,"column":26},"end":{"line":135,"column":29},"skip":true},{"start":{"line":136,"column":26},"end":{"line":136,"column":54},"skip":true}]},"17":{"line":164,"type":"binary-expr","locations":[{"start":{"line":164,"column":27},"end":{"line":164,"column":43},"skip":true},{"start":{"line":164,"column":47},"end":{"line":164,"column":49},"skip":true}]},"18":{"line":258,"type":"if","locations":[{"start":{"line":258,"column":8},"end":{"line":258,"column":8},"skip":true},{"start":{"line":258,"column":8},"end":{"line":258,"column":8},"skip":true}]},"19":{"line":275,"type":"switch","locations":[{"start":{"line":276,"column":20},"end":{"line":277,"column":64},"skip":true},{"start":{"line":278,"column":20},"end":{"line":279,"column":40},"skip":true},{"start":{"line":280,"column":20},"end":{"line":281,"column":40},"skip":true},{"start":{"line":282,"column":20},"end":{"line":283,"column":39},"skip":true}]},"20":{"line":288,"type":"if","locations":[{"start":{"line":288,"column":8},"end":{"line":288,"column":8},"skip":true},{"start":{"line":288,"column":8},"end":{"line":288,"column":8},"skip":true}]},"21":{"line":288,"type":"binary-expr","locations":[{"start":{"line":288,"column":12},"end":{"line":288,"column":40},"skip":true},{"start":{"line":288,"column":44},"end":{"line":288,"column":67},"skip":true}]},"22":{"line":292,"type":"binary-expr","locations":[{"start":{"line":292,"column":12},"end":{"line":292,"column":50},"skip":true},{"start":{"line":293,"column":12},"end":{"line":293,"column":53},"skip":true}]},"23":{"line":297,"type":"binary-expr","locations":[{"start":{"line":297,"column":12},"end":{"line":297,"column":83},"skip":true},{"start":{"line":298,"column":12},"end":{"line":301,"column":36},"skip":true}]},"24":{"line":303,"type":"binary-expr","locations":[{"start":{"line":303,"column":43},"end":{"line":303,"column":75},"skip":true},{"start":{"line":303,"column":79},"end":{"line":303,"column":81},"skip":true}]},"25":{"line":306,"type":"if","locations":[{"start":{"line":306,"column":8},"end":{"line":306,"column":8},"skip":true},{"start":{"line":306,"column":8},"end":{"line":306,"column":8},"skip":true}]},"26":{"line":310,"type":"if","locations":[{"start":{"line":310,"column":8},"end":{"line":310,"column":8},"skip":true},{"start":{"line":310,"column":8},"end":{"line":310,"column":8},"skip":true}]},"27":{"line":313,"type":"binary-expr","locations":[{"start":{"line":313,"column":27},"end":{"line":313,"column":43},"skip":true},{"start":{"line":313,"column":47},"end":{"line":313,"column":53},"skip":true}]},"28":{"line":317,"type":"if","locations":[{"start":{"line":317,"column":12},"end":{"line":317,"column":12},"skip":true},{"start":{"line":317,"column":12},"end":{"line":317,"column":12},"skip":true}]}},"code":["/*","example.js","","quickstart example","","instruction","    1. save this script as example.js","    2. run the shell command:","        $ npm install npmtest-cordova-plugin-googlemaps && PORT=8081 node example.js","    3. play with the browser-demo on http://127.0.0.1:8081","*/","","","","/* istanbul instrument in package npmtest_cordova_plugin_googlemaps */","/*jslint","    bitwise: true,","    browser: true,","    maxerr: 8,","    maxlen: 96,","    node: true,","    nomen: true,","    regexp: true,","    stupid: true","*/","(function () {","    'use strict';","    var local;","","","","    // run shared js-env code - pre-init","    (function () {","        // init local","        local = {};","        // init modeJs","        local.modeJs = (function () {","            try {","                return typeof navigator.userAgent === 'string' &&","                    typeof document.querySelector('body') === 'object' &&","                    typeof XMLHttpRequest.prototype.open === 'function' &&","                    'browser';","            } catch (errorCaughtBrowser) {","                return module.exports &&","                    typeof process.versions.node === 'string' &&","                    typeof require('http').createServer === 'function' &&","                    'node';","            }","        }());","        // init global","        local.global = local.modeJs === 'browser'","            ? window","            : global;","        // init utility2_rollup","        local = local.global.utility2_rollup || (local.modeJs === 'browser'","            ? local.global.utility2_npmtest_cordova_plugin_googlemaps","            : global.utility2_moduleExports);","        // export local","        local.global.local = local;","    }());","    switch (local.modeJs) {","","","","    // post-init","    // run browser js-env code - post-init","    /* istanbul ignore next */","    case 'browser':","        local.testRunBrowser = function (event) {","            if (!event || (event &&","                    event.currentTarget &&","                    event.currentTarget.className &&","                    event.currentTarget.className.includes &&","                    event.currentTarget.className.includes('onreset'))) {","                // reset output","                Array.from(","                    document.querySelectorAll('body > .resettable')","                ).forEach(function (element) {","                    switch (element.tagName) {","                    case 'INPUT':","                    case 'TEXTAREA':","                        element.value = '';","                        break;","                    default:","                        element.textContent = '';","                    }","                });","            }","            switch (event && event.currentTarget && event.currentTarget.id) {","            case 'testRunButton1':","                // show tests","                if (document.querySelector('#testReportDiv1').style.display === 'none') {","                    document.querySelector('#testReportDiv1').style.display = 'block';","                    document.querySelector('#testRunButton1').textContent =","                        'hide internal test';","                    local.modeTest = true;","                    local.testRunDefault(local);","                // hide tests","                } else {","                    document.querySelector('#testReportDiv1').style.display = 'none';","                    document.querySelector('#testRunButton1').textContent = 'run internal test';","                }","                break;","            // custom-case","            default:","                break;","            }","            if (document.querySelector('#inputTextareaEval1') && (!event || (event &&","                    event.currentTarget &&","                    event.currentTarget.className &&","                    event.currentTarget.className.includes &&","                    event.currentTarget.className.includes('oneval')))) {","                // try to eval input-code","                try {","                    /*jslint evil: true*/","                    eval(document.querySelector('#inputTextareaEval1').value);","                } catch (errorCaught) {","                    console.error(errorCaught);","                }","            }","        };","        // log stderr and stdout to #outputTextareaStdout1","        ['error', 'log'].forEach(function (key) {","            console[key + '_original'] = console[key];","            console[key] = function () {","                var element;","                console[key + '_original'].apply(console, arguments);","                element = document.querySelector('#outputTextareaStdout1');","                if (!element) {","                    return;","                }","                // append text to #outputTextareaStdout1","                element.value += Array.from(arguments).map(function (arg) {","                    return typeof arg === 'string'","                        ? arg","                        : JSON.stringify(arg, null, 4);","                }).join(' ') + '\\n';","                // scroll textarea to bottom","                element.scrollTop = element.scrollHeight;","            };","        });","        // init event-handling","        ['change', 'click', 'keyup'].forEach(function (event) {","            Array.from(document.querySelectorAll('.on' + event)).forEach(function (element) {","                element.addEventListener(event, local.testRunBrowser);","            });","        });","        // run tests","        local.testRunBrowser();","        break;","","","","    // run node js-env code - post-init","    /* istanbul ignore next */","    case 'node':","        // export local","        module.exports = local;","        // require modules","        local.fs = require('fs');","        local.http = require('http');","        local.url = require('url');","        // init assets","        local.assetsDict = local.assetsDict || {};","        /* jslint-ignore-begin */","        local.assetsDict['/assets.index.template.html'] = '\\","<!doctype html>\\n\\","<html lang=\"en\">\\n\\","<head>\\n\\","<meta charset=\"UTF-8\">\\n\\","<meta name=\"viewport\" content=\"width=device-width, initial-scale=1\">\\n\\","<title>{{env.npm_package_name}} (v{{env.npm_package_version}})</title>\\n\\","<style>\\n\\","/*csslint\\n\\","    box-sizing: false,\\n\\","    universal-selector: false\\n\\","*/\\n\\","* {\\n\\","    box-sizing: border-box;\\n\\","}\\n\\","body {\\n\\","    background: #dde;\\n\\","    font-family: Arial, Helvetica, sans-serif;\\n\\","    margin: 2rem;\\n\\","}\\n\\","body > * {\\n\\","    margin-bottom: 1rem;\\n\\","}\\n\\",".utility2FooterDiv {\\n\\","    margin-top: 20px;\\n\\","    text-align: center;\\n\\","}\\n\\","</style>\\n\\","<style>\\n\\","/*csslint\\n\\","*/\\n\\","textarea {\\n\\","    font-family: monospace;\\n\\","    height: 10rem;\\n\\","    width: 100%;\\n\\","}\\n\\","textarea[readonly] {\\n\\","    background: #ddd;\\n\\","}\\n\\","</style>\\n\\","</head>\\n\\","<body>\\n\\","<!-- utility2-comment\\n\\","<div id=\"ajaxProgressDiv1\" style=\"background: #d00; height: 2px; left: 0; margin: 0; padding: 0; position: fixed; top: 0; transition: background 0.5s, width 1.5s; width: 25%;\"></div>\\n\\","utility2-comment -->\\n\\","<h1>\\n\\","<!-- utility2-comment\\n\\","    <a\\n\\","        {{#if env.npm_package_homepage}}\\n\\","        href=\"{{env.npm_package_homepage}}\"\\n\\","        {{/if env.npm_package_homepage}}\\n\\","        target=\"_blank\"\\n\\","    >\\n\\","utility2-comment -->\\n\\","        {{env.npm_package_name}} (v{{env.npm_package_version}})\\n\\","<!-- utility2-comment\\n\\","    </a>\\n\\","utility2-comment -->\\n\\","</h1>\\n\\","<h3>{{env.npm_package_description}}</h3>\\n\\","<!-- utility2-comment\\n\\","<h4><a download href=\"assets.app.js\">download standalone app</a></h4>\\n\\","<button class=\"onclick onreset\" id=\"testRunButton1\">run internal test</button><br>\\n\\","<div id=\"testReportDiv1\" style=\"display: none;\"></div>\\n\\","utility2-comment -->\\n\\","\\n\\","\\n\\","\\n\\","<label>stderr and stdout</label>\\n\\","<textarea class=\"resettable\" id=\"outputTextareaStdout1\" readonly></textarea>\\n\\","<!-- utility2-comment\\n\\","{{#if isRollup}}\\n\\","<script src=\"assets.app.js\"></script>\\n\\","{{#unless isRollup}}\\n\\","utility2-comment -->\\n\\","<script src=\"assets.utility2.rollup.js\"></script>\\n\\","<script src=\"jsonp.utility2._stateInit?callback=window.utility2._stateInit\"></script>\\n\\","<script src=\"assets.npmtest_cordova_plugin_googlemaps.rollup.js\"></script>\\n\\","<script src=\"assets.example.js\"></script>\\n\\","<script src=\"assets.test.js\"></script>\\n\\","<!-- utility2-comment\\n\\","{{/if isRollup}}\\n\\","utility2-comment -->\\n\\","<div class=\"utility2FooterDiv\">\\n\\","    [ this app was created with\\n\\","    <a href=\"https://github.com/kaizhu256/node-utility2\" target=\"_blank\">utility2</a>\\n\\","    ]\\n\\","</div>\\n\\","</body>\\n\\","</html>\\n\\","';","        /* jslint-ignore-end */","        if (local.templateRender) {","            local.assetsDict['/'] = local.templateRender(","                local.assetsDict['/assets.index.template.html'],","                {","                    env: local.objectSetDefault(local.env, {","                        npm_package_description: 'the greatest app in the world!',","                        npm_package_name: 'my-app',","                        npm_package_nameAlias: 'my_app',","                        npm_package_version: '0.0.1'","                    })","                }","            );","        } else {","            local.assetsDict['/'] = local.assetsDict['/assets.index.template.html']","                .replace((/\\{\\{env\\.(\\w+?)\\}\\}/g), function (match0, match1) {","                    // jslint-hack","                    String(match0);","                    switch (match1) {","                    case 'npm_package_description':","                        return 'the greatest app in the world!';","                    case 'npm_package_name':","                        return 'my-app';","                    case 'npm_package_nameAlias':","                        return 'my_app';","                    case 'npm_package_version':","                        return '0.0.1';","                    }","                });","        }","        // run the cli","        if (local.global.utility2_rollup || module !== require.main) {","            break;","        }","        local.assetsDict['/assets.example.js'] =","            local.assetsDict['/assets.example.js'] ||","            local.fs.readFileSync(__filename, 'utf8');","        // bug-workaround - long $npm_package_buildCustomOrg","        /* jslint-ignore-begin */","        local.assetsDict['/assets.npmtest_cordova_plugin_googlemaps.rollup.js'] =","            local.assetsDict['/assets.npmtest_cordova_plugin_googlemaps.rollup.js'] ||","            local.fs.readFileSync(","                local.npmtest_cordova_plugin_googlemaps.__dirname + '/lib.npmtest_cordova_plugin_googlemaps.js',","                'utf8'","            ).replace((/^#!/), '//');","        /* jslint-ignore-end */","        local.assetsDict['/favicon.ico'] = local.assetsDict['/favicon.ico'] || '';","        // if $npm_config_timeout_exit exists,","        // then exit this process after $npm_config_timeout_exit ms","        if (Number(process.env.npm_config_timeout_exit)) {","            setTimeout(process.exit, Number(process.env.npm_config_timeout_exit));","        }","        // start server","        if (local.global.utility2_serverHttp1) {","            break;","        }","        process.env.PORT = process.env.PORT || '8081';","        console.error('server starting on port ' + process.env.PORT);","        local.http.createServer(function (request, response) {","            request.urlParsed = local.url.parse(request.url);","            if (local.assetsDict[request.urlParsed.pathname] !== undefined) {","                response.end(local.assetsDict[request.urlParsed.pathname]);","                return;","            }","            response.statusCode = 404;","            response.end();","        }).listen(process.env.PORT);","        break;","    }","}());",""],"l":{"26":2,"28":2,"33":2,"35":2,"37":2,"38":2,"39":2,"44":1,"51":2,"55":2,"59":2,"61":2,"69":1,"70":2,"76":2,"79":2,"82":2,"83":2,"85":1,"89":2,"92":1,"93":1,"94":1,"96":1,"97":1,"100":1,"101":1,"103":1,"106":1,"108":2,"114":1,"116":1,"118":1,"123":1,"124":2,"125":2,"126":3,"127":3,"128":3,"129":3,"130":1,"133":3,"134":3,"139":3,"143":1,"144":3,"145":1,"149":1,"150":1,"158":1,"160":1,"161":1,"162":1,"164":1,"166":1,"258":1,"259":1,"271":1,"274":6,"275":6,"277":1,"279":2,"281":1,"283":2,"288":1,"289":1,"291":1,"296":1,"303":1,"306":1,"307":1,"310":1,"311":1,"313":1,"314":1,"315":1,"316":1,"317":1,"318":1,"319":1,"321":1,"322":1,"324":1}},"/home/travis/build/npmtest/node-npmtest-cordova-plugin-googlemaps/node_modules/cordova-plugin-googlemaps/www/googlemaps-cdv-plugin.js":{"path":"/home/travis/build/npmtest/node-npmtest-cordova-plugin-googlemaps/node_modules/cordova-plugin-googlemaps/www/googlemaps-cdv-plugin.js","s":{"1":2,"2":2,"3":2,"4":2,"5":2,"6":18,"7":18,"8":18,"9":18,"10":0,"11":0,"12":0,"13":18,"14":0,"15":0,"16":0,"17":0,"18":0,"19":0,"20":0,"21":0,"22":0,"23":18,"24":0,"25":18,"26":0,"27":0,"28":0,"29":18,"30":0,"31":0,"32":0,"33":0,"34":0,"35":0,"36":0,"37":0,"38":18,"39":0,"40":0,"41":0,"42":0,"43":0,"44":0,"45":0,"46":18,"47":18,"48":0,"49":0,"50":0,"51":0,"52":0,"53":0,"54":0,"55":0,"56":0,"57":0,"58":0,"59":0,"60":0,"61":0,"62":0,"63":0,"64":0,"65":0,"66":0,"67":0,"68":18,"69":18,"70":0,"71":0,"72":0,"73":0,"74":0,"75":0,"76":0,"77":0,"78":18,"79":18,"80":0,"81":0,"82":0,"83":0,"84":18,"85":2,"86":2,"87":2,"88":2,"89":2,"90":0,"91":0,"92":0,"93":0,"94":2,"95":0,"96":0,"97":2,"98":0,"99":0,"100":0,"101":2,"102":0,"103":0,"104":0,"105":0,"106":0,"107":0,"108":2,"109":0,"110":0,"111":0,"112":0,"113":0,"114":0,"115":0,"116":0,"117":0,"118":0,"119":0,"120":0,"121":0,"122":0,"123":0,"124":0,"125":0,"126":0,"127":0,"128":0,"129":0,"130":0,"131":0,"132":0,"133":0,"134":0,"135":0,"136":0,"137":0,"138":0,"139":0,"140":0,"141":0,"142":0,"143":0,"144":2,"145":0,"146":0,"147":0,"148":0,"149":0,"150":0,"151":0,"152":0,"153":2,"154":0,"155":0,"156":2,"157":0,"158":0,"159":2,"160":0,"161":0,"162":0,"163":0,"164":0,"165":0,"166":0,"167":0,"168":0,"169":0,"170":0,"171":0,"172":0,"173":0,"174":0,"175":0,"176":0,"177":0,"178":0,"179":0,"180":0,"181":0,"182":0,"183":0,"184":0,"185":0,"186":0,"187":0,"188":0,"189":0,"190":0,"191":0,"192":0,"193":0,"194":0,"195":0,"196":0,"197":0,"198":0,"199":0,"200":0,"201":0,"202":0,"203":0,"204":0,"205":0,"206":0,"207":0,"208":0,"209":0,"210":0,"211":0,"212":0,"213":0,"214":0,"215":0,"216":0,"217":0,"218":0,"219":0,"220":0,"221":0,"222":0,"223":0,"224":0,"225":0,"226":0,"227":0,"228":0,"229":0,"230":2,"231":0,"232":0,"233":0,"234":2,"235":0,"236":0,"237":0,"238":2,"239":0,"240":0,"241":0,"242":0,"243":1,"244":0,"245":2,"246":0,"247":0,"248":2,"249":0,"250":0,"251":2,"252":0,"253":0,"254":0,"255":0,"256":0,"257":0,"258":0,"259":0,"260":0,"261":2,"262":0,"263":0,"264":2,"265":0,"266":0,"267":2,"268":0,"269":0,"270":0,"271":2,"272":0,"273":0,"274":0,"275":0,"276":2,"277":0,"278":0,"279":2,"280":0,"281":0,"282":0,"283":0,"284":0,"285":0,"286":0,"287":0,"288":0,"289":0,"290":0,"291":0,"292":0,"293":0,"294":0,"295":0,"296":0,"297":2,"298":0,"299":0,"300":0,"301":0,"302":0,"303":0,"304":0,"305":0,"306":0,"307":0,"308":0,"309":0,"310":0,"311":0,"312":0,"313":0,"314":2,"315":0,"316":0,"317":2,"318":0,"319":0,"320":2,"321":0,"322":0,"323":2,"324":0,"325":0,"326":0,"327":2,"328":0,"329":0,"330":0,"331":0,"332":0,"333":0,"334":0,"335":0,"336":0,"337":0,"338":0,"339":0,"340":0,"341":0,"342":0,"343":0,"344":2,"345":0,"346":0,"347":2,"348":0,"349":0,"350":0,"351":2,"352":0,"353":0,"354":0,"355":2,"356":0,"357":0,"358":2,"359":0,"360":0,"361":0,"362":2,"363":0,"364":0,"365":0,"366":2,"367":0,"368":0,"369":0,"370":0,"371":0,"372":2,"373":0,"374":0,"375":0,"376":0,"377":2,"378":0,"379":0,"380":0,"381":0,"382":2,"383":0,"384":0,"385":0,"386":0,"387":2,"388":0,"389":0,"390":0,"391":0,"392":0,"393":0,"394":0,"395":0,"396":0,"397":0,"398":0,"399":0,"400":0,"401":0,"402":0,"403":2,"404":0,"405":0,"406":0,"407":0,"408":0,"409":0,"410":0,"411":0,"412":0,"413":0,"414":0,"415":0,"416":0,"417":0,"418":0,"419":0,"420":0,"421":0,"422":0,"423":0,"424":2,"425":0,"426":2,"427":0,"428":0,"429":0,"430":0,"431":0,"432":0,"433":2,"434":0,"435":0,"436":0,"437":0,"438":0,"439":0,"440":0,"441":0,"442":0,"443":0,"444":2,"445":0,"446":0,"447":0,"448":0,"449":0,"450":0,"451":0,"452":0,"453":0,"454":0,"455":0,"456":2,"457":0,"458":0,"459":0,"460":0,"461":0,"462":0,"463":0,"464":0,"465":0,"466":0,"467":0,"468":0,"469":2,"470":0,"471":0,"472":0,"473":0,"474":0,"475":0,"476":0,"477":0,"478":0,"479":0,"480":0,"481":0,"482":0,"483":0,"484":0,"485":0,"486":0,"487":0,"488":0,"489":0,"490":0,"491":0,"492":0,"493":0,"494":0,"495":0,"496":0,"497":0,"498":0,"499":0,"500":0,"501":0,"502":0,"503":0,"504":0,"505":0,"506":0,"507":0,"508":0,"509":0,"510":0,"511":0,"512":0,"513":0,"514":0,"515":0,"516":0,"517":0,"518":0,"519":0,"520":0,"521":0,"522":0,"523":0,"524":0,"525":0,"526":0,"527":2,"528":0,"529":0,"530":0,"531":0,"532":0,"533":0,"534":0,"535":2,"536":0,"537":0,"538":0,"539":0,"540":0,"541":0,"542":0,"543":2,"544":0,"545":0,"546":0,"547":0,"548":0,"549":0,"550":0,"551":0,"552":2,"553":0,"554":0,"555":0,"556":0,"557":0,"558":0,"559":0,"560":0,"561":0,"562":0,"563":0,"564":0,"565":0,"566":0,"567":0,"568":0,"569":0,"570":0,"571":0,"572":0,"573":0,"574":0,"575":0,"576":0,"577":0,"578":2,"579":0,"580":0,"581":0,"582":0,"583":0,"584":0,"585":0,"586":0,"587":0,"588":0,"589":0,"590":0,"591":0,"592":0,"593":0,"594":0,"595":0,"596":0,"597":0,"598":0,"599":0,"600":0,"601":0,"602":0,"603":0,"604":0,"605":0,"606":0,"607":0,"608":0,"609":0,"610":0,"611":0,"612":0,"613":0,"614":2,"615":0,"616":0,"617":0,"618":0,"619":0,"620":0,"621":0,"622":0,"623":0,"624":0,"625":0,"626":0,"627":0,"628":0,"629":0,"630":0,"631":0,"632":2,"633":0,"634":0,"635":0,"636":0,"637":0,"638":0,"639":0,"640":0,"641":0,"642":0,"643":0,"644":0,"645":2,"646":0,"647":0,"648":0,"649":0,"650":0,"651":0,"652":0,"653":0,"654":0,"655":0,"656":0,"657":0,"658":0,"659":0,"660":0,"661":0,"662":0,"663":0,"664":0,"665":0,"666":0,"667":0,"668":0,"669":0,"670":2,"671":0,"672":0,"673":0,"674":0,"675":0,"676":0,"677":0,"678":0,"679":0,"680":0,"681":0,"682":0,"683":0,"684":0,"685":2,"686":0,"687":0,"688":0,"689":0,"690":0,"691":0,"692":0,"693":0,"694":0,"695":0,"696":0,"697":0,"698":0,"699":2,"700":0,"701":0,"702":0,"703":0,"704":0,"705":0,"706":0,"707":0,"708":0,"709":0,"710":0,"711":0,"712":0,"713":2,"714":0,"715":0,"716":2,"717":0,"718":0,"719":0,"720":0,"721":0,"722":0,"723":0,"724":2,"725":0,"726":0,"727":0,"728":0,"729":0,"730":0,"731":0,"732":0,"733":0,"734":0,"735":2,"736":0,"737":0,"738":0,"739":0,"740":0,"741":0,"742":0,"743":0,"744":0,"745":0,"746":0,"747":2,"748":0,"749":0,"750":0,"751":0,"752":0,"753":0,"754":0,"755":0,"756":0,"757":0,"758":2,"759":2,"760":0,"761":2,"762":0,"763":0,"764":0,"765":0,"766":2,"767":0,"768":2,"769":0,"770":2,"771":0,"772":2,"773":0,"774":0,"775":0,"776":0,"777":0,"778":0,"779":0,"780":0,"781":2,"782":0,"783":0,"784":0,"785":0,"786":0,"787":0,"788":0,"789":2,"790":0,"791":0,"792":0,"793":2,"794":0,"795":2,"796":0,"797":0,"798":0,"799":0,"800":0,"801":2,"802":0,"803":0,"804":0,"805":0,"806":2,"807":0,"808":2,"809":0,"810":0,"811":2,"812":0,"813":0,"814":2,"815":0,"816":0,"817":0,"818":2,"819":0,"820":2,"821":0,"822":0,"823":0,"824":2,"825":0,"826":0,"827":0,"828":2,"829":0,"830":0,"831":0,"832":0,"833":0,"834":2,"835":0,"836":0,"837":0,"838":2,"839":0,"840":2,"841":0,"842":0,"843":2,"844":0,"845":2,"846":0,"847":0,"848":0,"849":0,"850":0,"851":2,"852":0,"853":2,"854":0,"855":2,"856":0,"857":2,"858":0,"859":0,"860":0,"861":0,"862":0,"863":2,"864":0,"865":2,"866":0,"867":0,"868":0,"869":0,"870":0,"871":2,"872":0,"873":0,"874":0,"875":0,"876":0,"877":0,"878":0,"879":0,"880":0,"881":2,"882":2,"883":0,"884":2,"885":0,"886":2,"887":0,"888":2,"889":0,"890":2,"891":0,"892":2,"893":0,"894":2,"895":0,"896":2,"897":0,"898":2,"899":0,"900":0,"901":2,"902":0,"903":0,"904":2,"905":0,"906":0,"907":2,"908":0,"909":0,"910":2,"911":0,"912":0,"913":2,"914":0,"915":0,"916":0,"917":2,"918":0,"919":0,"920":2,"921":0,"922":0,"923":2,"924":0,"925":0,"926":0,"927":0,"928":0,"929":0,"930":0,"931":0,"932":0,"933":2,"934":2,"935":0,"936":2,"937":0,"938":0,"939":0,"940":0,"941":0,"942":2,"943":0,"944":2,"945":0,"946":0,"947":2,"948":0,"949":2,"950":0,"951":0,"952":2,"953":0,"954":2,"955":0,"956":0,"957":0,"958":2,"959":0,"960":2,"961":0,"962":0,"963":0,"964":2,"965":0,"966":2,"967":0,"968":0,"969":2,"970":0,"971":2,"972":0,"973":0,"974":2,"975":0,"976":2,"977":0,"978":0,"979":0,"980":0,"981":0,"982":0,"983":0,"984":0,"985":0,"986":2,"987":2,"988":0,"989":2,"990":0,"991":2,"992":0,"993":0,"994":0,"995":0,"996":0,"997":2,"998":0,"999":2,"1000":0,"1001":0,"1002":0,"1003":0,"1004":0,"1005":0,"1006":0,"1007":0,"1008":0,"1009":0,"1010":2,"1011":0,"1012":2,"1013":0,"1014":0,"1015":2,"1016":0,"1017":2,"1018":0,"1019":0,"1020":2,"1021":0,"1022":2,"1023":0,"1024":0,"1025":2,"1026":0,"1027":2,"1028":0,"1029":0,"1030":0,"1031":2,"1032":0,"1033":2,"1034":0,"1035":0,"1036":0,"1037":2,"1038":0,"1039":2,"1040":0,"1041":0,"1042":2,"1043":0,"1044":2,"1045":0,"1046":0,"1047":2,"1048":0,"1049":0,"1050":0,"1051":0,"1052":0,"1053":0,"1054":0,"1055":0,"1056":0,"1057":2,"1058":2,"1059":0,"1060":2,"1061":0,"1062":2,"1063":0,"1064":2,"1065":0,"1066":2,"1067":0,"1068":2,"1069":0,"1070":0,"1071":2,"1072":0,"1073":0,"1074":0,"1075":2,"1076":0,"1077":2,"1078":0,"1079":0,"1080":0,"1081":2,"1082":0,"1083":2,"1084":0,"1085":0,"1086":0,"1087":0,"1088":0,"1089":2,"1090":0,"1091":2,"1092":0,"1093":0,"1094":2,"1095":0,"1096":0,"1097":0,"1098":0,"1099":0,"1100":0,"1101":0,"1102":0,"1103":0,"1104":0,"1105":0,"1106":0,"1107":0,"1108":0,"1109":0,"1110":2,"1111":2,"1112":0,"1113":2,"1114":0,"1115":2,"1116":0,"1117":0,"1118":2,"1119":0,"1120":0,"1121":2,"1122":0,"1123":2,"1124":0,"1125":2,"1126":0,"1127":0,"1128":0,"1129":0,"1130":0,"1131":2,"1132":0,"1133":2,"1134":0,"1135":2,"1136":0,"1137":0,"1138":0,"1139":0,"1140":0,"1141":2,"1142":0,"1143":0,"1144":2,"1145":0,"1146":2,"1147":0,"1148":0,"1149":2,"1150":0,"1151":0,"1152":0,"1153":0,"1154":0,"1155":0,"1156":0,"1157":0,"1158":0,"1159":0,"1160":0,"1161":0,"1162":2,"1163":2,"1164":0,"1165":2,"1166":0,"1167":2,"1168":0,"1169":2,"1170":0,"1171":0,"1172":0,"1173":0,"1174":0,"1175":2,"1176":0,"1177":0,"1178":0,"1179":0,"1180":0,"1181":0,"1182":0,"1183":0,"1184":2,"1185":2,"1186":2,"1187":0,"1188":2,"1189":0,"1190":2,"1191":0,"1192":0,"1193":0,"1194":0,"1195":0,"1196":0,"1197":0,"1198":0,"1199":0,"1200":0,"1201":0,"1202":0,"1203":0,"1204":0,"1205":2,"1206":0,"1207":0,"1208":0,"1209":0,"1210":0,"1211":0,"1212":0,"1213":0,"1214":2,"1215":0,"1216":0,"1217":0,"1218":0,"1219":0,"1220":0,"1221":1,"1222":0,"1223":0,"1224":0,"1225":0,"1226":0,"1227":0,"1228":1,"1229":0,"1230":0,"1231":0,"1232":0,"1233":0,"1234":0,"1235":0,"1236":0,"1237":0,"1238":0,"1239":0,"1240":0,"1241":0,"1242":0,"1243":0,"1244":0,"1245":0,"1246":0,"1247":0,"1248":0,"1249":0,"1250":0,"1251":0,"1252":0,"1253":0,"1254":0,"1255":0,"1256":0,"1257":0,"1258":0,"1259":0,"1260":0,"1261":0,"1262":0,"1263":0,"1264":1,"1265":0,"1266":0,"1267":0,"1268":0,"1269":0,"1270":0,"1271":0,"1272":0,"1273":0,"1274":0,"1275":0,"1276":0,"1277":0,"1278":0,"1279":0,"1280":0,"1281":0,"1282":0,"1283":0,"1284":0,"1285":0,"1286":0,"1287":0,"1288":0,"1289":0,"1290":0,"1291":0,"1292":0,"1293":0,"1294":0,"1295":0,"1296":0,"1297":0,"1298":0,"1299":0,"1300":0,"1301":0,"1302":1,"1303":0,"1304":1,"1305":0,"1306":1,"1307":0,"1308":0,"1309":0,"1310":0,"1311":0,"1312":1,"1313":0,"1314":0,"1315":0,"1316":0,"1317":0,"1318":0,"1319":1,"1320":0,"1321":0,"1322":0,"1323":0,"1324":0,"1325":0,"1326":0,"1327":0,"1328":0,"1329":0,"1330":0,"1331":0,"1332":0,"1333":0,"1334":0,"1335":0,"1336":0,"1337":0,"1338":0,"1339":0,"1340":0,"1341":0,"1342":0,"1343":0,"1344":0,"1345":0,"1346":2,"1347":2,"1348":0,"1349":0,"1350":0,"1351":0,"1352":0,"1353":0,"1354":0,"1355":0,"1356":2,"1357":2,"1358":0,"1359":0,"1360":0,"1361":0,"1362":0,"1363":0,"1364":0,"1365":0,"1366":0,"1367":0,"1368":0,"1369":2,"1370":2,"1371":0,"1372":0,"1373":0,"1374":0,"1375":0,"1376":0,"1377":0,"1378":0,"1379":0,"1380":1,"1381":0,"1382":0,"1383":1,"1384":0,"1385":0,"1386":0,"1387":0,"1388":0,"1389":0,"1390":0,"1391":0,"1392":0,"1393":0,"1394":0,"1395":0,"1396":0,"1397":0,"1398":0,"1399":0,"1400":0,"1401":0,"1402":0,"1403":0,"1404":0,"1405":0,"1406":0,"1407":0,"1408":0,"1409":0,"1410":0,"1411":0,"1412":1,"1413":0,"1414":0,"1415":0,"1416":0,"1417":0,"1418":0,"1419":0,"1420":0,"1421":0,"1422":0,"1423":0,"1424":0,"1425":0,"1426":0,"1427":0,"1428":0,"1429":0,"1430":0,"1431":0,"1432":0,"1433":0,"1434":1,"1435":0,"1436":0,"1437":0,"1438":0,"1439":0,"1440":0,"1441":0,"1442":0,"1443":1,"1444":0,"1445":0,"1446":0,"1447":0,"1448":0,"1449":0,"1450":0,"1451":1,"1452":0,"1453":0,"1454":0,"1455":0,"1456":1,"1457":0,"1458":0,"1459":0,"1460":0,"1461":0,"1462":0,"1463":0,"1464":0,"1465":0,"1466":0,"1467":0,"1468":0,"1469":0,"1470":0,"1471":0,"1472":1,"1473":0,"1474":0,"1475":0,"1476":0,"1477":0,"1478":0,"1479":0,"1480":0,"1481":0,"1482":0,"1483":0,"1484":0,"1485":0,"1486":0,"1487":0,"1488":0,"1489":0,"1490":0,"1491":0,"1492":0,"1493":0,"1494":0,"1495":0},"b":{"1":[0,0],"2":[0,0],"3":[0,0],"4":[0,0],"5":[0,0],"6":[0,0],"7":[0,0],"8":[0,0],"9":[0,0],"10":[0,0],"11":[0,0],"12":[0,0],"13":[0,0],"14":[0,0],"15":[0,0],"16":[0,0],"17":[0,0],"18":[0,0],"19":[0,0],"20":[0,0],"21":[0,0],"22":[0,0],"23":[0,0],"24":[0,0],"25":[0,0],"26":[0,0],"27":[0,0,0],"28":[0,0],"29":[0,0],"30":[0,0],"31":[0,0],"32":[0,0],"33":[0,0],"34":[0,0],"35":[0,0],"36":[0,0],"37":[0,0],"38":[0,0],"39":[0,0],"40":[0,0],"41":[0,0],"42":[0,0],"43":[0,0],"44":[0,0],"45":[0,0],"46":[0,0],"47":[0,0],"48":[0,0],"49":[0,0],"50":[0,0],"51":[0,0],"52":[0,0],"53":[0,0],"54":[0,0],"55":[0,0],"56":[0,0],"57":[0,0],"58":[0,0],"59":[0,0],"60":[0,0],"61":[0,0],"62":[0,0],"63":[0,0],"64":[0,0],"65":[0,0],"66":[0,0],"67":[0,0],"68":[0,0],"69":[0,0],"70":[0,0],"71":[0,0],"72":[0,0],"73":[0,0],"74":[0,0],"75":[0,0],"76":[0,0],"77":[0,0],"78":[0,0],"79":[0,0],"80":[0,0],"81":[0,0],"82":[0,0],"83":[0,0],"84":[0,0],"85":[0,0],"86":[0,0],"87":[0,0],"88":[0,0],"89":[0,0],"90":[0,0],"91":[0,0],"92":[0,0],"93":[0,0],"94":[0,0],"95":[0,0],"96":[0,0],"97":[0,0],"98":[0,0],"99":[0,0],"100":[0,0],"101":[0,0],"102":[0,0],"103":[0,0],"104":[0,0],"105":[0,0],"106":[0,0],"107":[0,0],"108":[0,0],"109":[0,0],"110":[0,0],"111":[0,0],"112":[0,0],"113":[0,0],"114":[0,0],"115":[0,0],"116":[0,0],"117":[0,0],"118":[0,0],"119":[0,0],"120":[0,0],"121":[0,0],"122":[0,0],"123":[0,0],"124":[0,0],"125":[0,0],"126":[0,0],"127":[0,0],"128":[0,0],"129":[0,0],"130":[0,0],"131":[0,0],"132":[0,0,0,0],"133":[0,0],"134":[0,0],"135":[0,0],"136":[0,0],"137":[0,0],"138":[0,0],"139":[0,0],"140":[0,0],"141":[0,0],"142":[0,0],"143":[0,0],"144":[0,0],"145":[0,0],"146":[0,0],"147":[0,0],"148":[0,0],"149":[0,0],"150":[0,0],"151":[0,0],"152":[0,0],"153":[0,0],"154":[0,0],"155":[0,0],"156":[0,0],"157":[0,0],"158":[0,0],"159":[0,0],"160":[0,0],"161":[0,0],"162":[0,0],"163":[0,0],"164":[0,0],"165":[0,0],"166":[0,0],"167":[0,0],"168":[0,0],"169":[0,0],"170":[0,0],"171":[0,0],"172":[0,0],"173":[0,0],"174":[0,0],"175":[0,0],"176":[0,0],"177":[0,0],"178":[0,0],"179":[0,0],"180":[0,0],"181":[0,0],"182":[0,0],"183":[0,0],"184":[0,0],"185":[0,0],"186":[0,0],"187":[0,0],"188":[0,0],"189":[0,0],"190":[0,0],"191":[0,0],"192":[0,0],"193":[0,0],"194":[0,0],"195":[0,0],"196":[0,0],"197":[0,0],"198":[0,0],"199":[0,0],"200":[0,0],"201":[0,0],"202":[0,0],"203":[0,0],"204":[0,0],"205":[0,0],"206":[0,0],"207":[0,0],"208":[0,0],"209":[0,0],"210":[0,0],"211":[0,0],"212":[0,0],"213":[0,0],"214":[0,0],"215":[0,0],"216":[0,0],"217":[0,0],"218":[0,0],"219":[0,0],"220":[0,0],"221":[0,0],"222":[0,0],"223":[0,0],"224":[0,0],"225":[0,0],"226":[0,0],"227":[0,0],"228":[0,0],"229":[0,0],"230":[0,0],"231":[0,0],"232":[0,0],"233":[0,0],"234":[0,0],"235":[0,0],"236":[0,0],"237":[0,0],"238":[0,0],"239":[0,0],"240":[0,0],"241":[0,0],"242":[0,0],"243":[0,0],"244":[0,0],"245":[0,0],"246":[0,0],"247":[0,0],"248":[0,0],"249":[0,0],"250":[0,0],"251":[0,0],"252":[0,0],"253":[0,0],"254":[0,0],"255":[0,0,0],"256":[0,0],"257":[0,0],"258":[0,0],"259":[0,0],"260":[0,0],"261":[0,0],"262":[0,0],"263":[0,0,0],"264":[0,0],"265":[0,0],"266":[0,0],"267":[0,0],"268":[0,0,0,0,0,0],"269":[0,0,0,0],"270":[0,0],"271":[0,0],"272":[0,0],"273":[0,0,0,0,0,0],"274":[0,0],"275":[0,0],"276":[0,0],"277":[0,0],"278":[0,0],"279":[0,0],"280":[0,0],"281":[0,0],"282":[0,0],"283":[0,0],"284":[0,0],"285":[0,0],"286":[0,0],"287":[0,0],"288":[0,0],"289":[0,0],"290":[0,0],"291":[0,0],"292":[0,0],"293":[0,0],"294":[0,0],"295":[0,0],"296":[0,0],"297":[0,0],"298":[0,0],"299":[0,0],"300":[0,0,0,0],"301":[0,0,0],"302":[0,0,0],"303":[0,0,0],"304":[0,0],"305":[0,0],"306":[0,0],"307":[0,0],"308":[0,0],"309":[0,0],"310":[0,0],"311":[0,0],"312":[0,0],"313":[0,0],"314":[0,0],"315":[0,0],"316":[0,0],"317":[0,0],"318":[0,0],"319":[0,0],"320":[0,0],"321":[0,0],"322":[0,0],"323":[0,0],"324":[0,0],"325":[0,0],"326":[0,0],"327":[0,0],"328":[0,0],"329":[0,0],"330":[0,0],"331":[0,0],"332":[0,0],"333":[0,0],"334":[0,0,0,0],"335":[0,0],"336":[0,0],"337":[0,0],"338":[0,0],"339":[0,0],"340":[0,0],"341":[0,0],"342":[0,0],"343":[0,0],"344":[0,0],"345":[0,0],"346":[0,0],"347":[0,0,0],"348":[0,0],"349":[0,0,0]},"f":{"1":18,"2":0,"3":0,"4":0,"5":0,"6":0,"7":0,"8":0,"9":0,"10":0,"11":0,"12":0,"13":2,"14":0,"15":0,"16":0,"17":0,"18":0,"19":0,"20":0,"21":0,"22":0,"23":0,"24":0,"25":0,"26":0,"27":0,"28":0,"29":0,"30":0,"31":0,"32":0,"33":0,"34":0,"35":0,"36":0,"37":0,"38":0,"39":0,"40":0,"41":0,"42":0,"43":0,"44":0,"45":0,"46":0,"47":0,"48":0,"49":0,"50":0,"51":0,"52":0,"53":0,"54":0,"55":0,"56":0,"57":0,"58":0,"59":0,"60":0,"61":0,"62":0,"63":0,"64":0,"65":0,"66":0,"67":0,"68":0,"69":0,"70":0,"71":0,"72":0,"73":0,"74":0,"75":0,"76":0,"77":0,"78":0,"79":0,"80":0,"81":0,"82":0,"83":0,"84":0,"85":0,"86":0,"87":0,"88":0,"89":0,"90":0,"91":0,"92":0,"93":0,"94":0,"95":0,"96":0,"97":0,"98":0,"99":0,"100":0,"101":0,"102":0,"103":0,"104":0,"105":0,"106":0,"107":0,"108":0,"109":0,"110":0,"111":0,"112":0,"113":0,"114":0,"115":0,"116":0,"117":0,"118":0,"119":0,"120":0,"121":0,"122":0,"123":0,"124":0,"125":0,"126":0,"127":0,"128":0,"129":0,"130":0,"131":0,"132":0,"133":0,"134":0,"135":0,"136":0,"137":0,"138":0,"139":0,"140":0,"141":0,"142":0,"143":0,"144":0,"145":0,"146":0,"147":0,"148":0,"149":0,"150":0,"151":0,"152":0,"153":0,"154":0,"155":0,"156":0,"157":0,"158":0,"159":0,"160":0,"161":0,"162":0,"163":0,"164":0,"165":0,"166":0,"167":0,"168":0,"169":0,"170":0,"171":0,"172":0,"173":0,"174":0,"175":0,"176":0,"177":0,"178":0,"179":0,"180":0,"181":0,"182":0,"183":0,"184":0,"185":0,"186":0,"187":0,"188":0,"189":0,"190":0,"191":0,"192":0,"193":0,"194":0,"195":0,"196":0,"197":0,"198":0,"199":0,"200":0,"201":0,"202":0,"203":0,"204":0,"205":0,"206":0,"207":0,"208":0,"209":0,"210":0,"211":0,"212":0,"213":0,"214":0,"215":0,"216":0,"217":0,"218":0,"219":0,"220":0,"221":0,"222":0,"223":0,"224":0,"225":0,"226":0,"227":0,"228":0,"229":0,"230":0,"231":0,"232":0,"233":0,"234":0,"235":0,"236":0,"237":0,"238":0,"239":0,"240":0,"241":0,"242":0,"243":0,"244":0,"245":0,"246":0,"247":0,"248":0,"249":0,"250":0,"251":0,"252":0,"253":0,"254":0,"255":0,"256":0,"257":0,"258":0,"259":0,"260":0,"261":0,"262":0,"263":0,"264":0,"265":0,"266":0,"267":0,"268":0,"269":0,"270":0,"271":0,"272":0,"273":0,"274":0,"275":0,"276":0,"277":0,"278":0,"279":0},"fnMap":{"1":{"name":"(anonymous_1)","line":10,"loc":{"start":{"line":10,"column":16},"end":{"line":10,"column":27}}},"2":{"name":"(anonymous_2)","line":15,"loc":{"start":{"line":15,"column":17},"end":{"line":15,"column":28}}},"3":{"name":"(anonymous_3)","line":22,"loc":{"start":{"line":22,"column":28},"end":{"line":22,"column":51}}},"4":{"name":"(anonymous_4)","line":35,"loc":{"start":{"line":35,"column":15},"end":{"line":35,"column":29}}},"5":{"name":"(anonymous_5)","line":38,"loc":{"start":{"line":38,"column":15},"end":{"line":38,"column":36}}},"6":{"name":"(anonymous_6)","line":45,"loc":{"start":{"line":45,"column":19},"end":{"line":45,"column":39}}},"7":{"name":"(anonymous_7)","line":56,"loc":{"start":{"line":56,"column":14},"end":{"line":56,"column":44}}},"8":{"name":"(anonymous_8)","line":59,"loc":{"start":{"line":59,"column":23},"end":{"line":59,"column":35}}},"9":{"name":"(anonymous_9)","line":73,"loc":{"start":{"line":73,"column":15},"end":{"line":73,"column":45}}},"10":{"name":"(anonymous_10)","line":112,"loc":{"start":{"line":112,"column":15},"end":{"line":112,"column":45}}},"11":{"name":"(anonymous_11)","line":115,"loc":{"start":{"line":115,"column":23},"end":{"line":115,"column":35}}},"12":{"name":"(anonymous_12)","line":130,"loc":{"start":{"line":130,"column":24},"end":{"line":130,"column":38}}},"13":{"name":"(anonymous_13)","line":140,"loc":{"start":{"line":140,"column":10},"end":{"line":140,"column":21}}},"14":{"name":"(anonymous_14)","line":153,"loc":{"start":{"line":153,"column":30},"end":{"line":153,"column":49}}},"15":{"name":"(anonymous_15)","line":155,"loc":{"start":{"line":155,"column":17},"end":{"line":155,"column":34}}},"16":{"name":"(anonymous_16)","line":166,"loc":{"start":{"line":166,"column":32},"end":{"line":166,"column":57}}},"17":{"name":"(anonymous_17)","line":172,"loc":{"start":{"line":172,"column":31},"end":{"line":172,"column":61}}},"18":{"name":"(anonymous_18)","line":179,"loc":{"start":{"line":179,"column":32},"end":{"line":179,"column":62}}},"19":{"name":"(anonymous_19)","line":193,"loc":{"start":{"line":193,"column":28},"end":{"line":193,"column":89}}},"20":{"name":"(anonymous_20)","line":209,"loc":{"start":{"line":209,"column":70},"end":{"line":209,"column":81}}},"21":{"name":"(anonymous_21)","line":221,"loc":{"start":{"line":221,"column":71},"end":{"line":221,"column":88}}},"22":{"name":"(anonymous_22)","line":232,"loc":{"start":{"line":232,"column":71},"end":{"line":232,"column":88}}},"23":{"name":"(anonymous_23)","line":241,"loc":{"start":{"line":241,"column":39},"end":{"line":241,"column":50}}},"24":{"name":"(anonymous_24)","line":262,"loc":{"start":{"line":262,"column":28},"end":{"line":262,"column":48}}},"25":{"name":"(anonymous_25)","line":278,"loc":{"start":{"line":278,"column":36},"end":{"line":278,"column":53}}},"26":{"name":"(anonymous_26)","line":285,"loc":{"start":{"line":285,"column":31},"end":{"line":285,"column":59}}},"27":{"name":"(anonymous_27)","line":291,"loc":{"start":{"line":291,"column":23},"end":{"line":291,"column":45}}},"28":{"name":"(anonymous_28)","line":389,"loc":{"start":{"line":389,"column":17},"end":{"line":389,"column":28}}},"29":{"name":"(anonymous_29)","line":390,"loc":{"start":{"line":390,"column":19},"end":{"line":390,"column":30}}},"30":{"name":"(anonymous_30)","line":399,"loc":{"start":{"line":399,"column":31},"end":{"line":399,"column":50}}},"31":{"name":"(anonymous_31)","line":401,"loc":{"start":{"line":401,"column":17},"end":{"line":401,"column":31}}},"32":{"name":"(anonymous_32)","line":410,"loc":{"start":{"line":410,"column":33},"end":{"line":410,"column":44}}},"33":{"name":"(anonymous_33)","line":419,"loc":{"start":{"line":419,"column":33},"end":{"line":419,"column":48}}},"34":{"name":"onBackbutton","line":430,"loc":{"start":{"line":430,"column":0},"end":{"line":430,"column":24}}},"35":{"name":"(anonymous_35)","line":437,"loc":{"start":{"line":437,"column":27},"end":{"line":437,"column":38}}},"36":{"name":"(anonymous_36)","line":445,"loc":{"start":{"line":445,"column":28},"end":{"line":445,"column":39}}},"37":{"name":"(anonymous_37)","line":450,"loc":{"start":{"line":450,"column":27},"end":{"line":450,"column":45}}},"38":{"name":"(anonymous_38)","line":465,"loc":{"start":{"line":465,"column":26},"end":{"line":465,"column":43}}},"39":{"name":"(anonymous_39)","line":471,"loc":{"start":{"line":471,"column":24},"end":{"line":471,"column":39}}},"40":{"name":"(anonymous_40)","line":475,"loc":{"start":{"line":475,"column":22},"end":{"line":475,"column":37}}},"41":{"name":"(anonymous_41)","line":490,"loc":{"start":{"line":490,"column":29},"end":{"line":490,"column":49}}},"42":{"name":"(anonymous_42)","line":502,"loc":{"start":{"line":502,"column":24},"end":{"line":502,"column":39}}},"43":{"name":"(anonymous_43)","line":513,"loc":{"start":{"line":513,"column":30},"end":{"line":513,"column":65}}},"44":{"name":"(anonymous_44)","line":520,"loc":{"start":{"line":520,"column":21},"end":{"line":520,"column":36}}},"45":{"name":"(anonymous_45)","line":526,"loc":{"start":{"line":526,"column":21},"end":{"line":526,"column":36}}},"46":{"name":"(anonymous_46)","line":532,"loc":{"start":{"line":532,"column":24},"end":{"line":532,"column":42}}},"47":{"name":"(anonymous_47)","line":538,"loc":{"start":{"line":538,"column":15},"end":{"line":538,"column":26}}},"48":{"name":"(anonymous_48)","line":539,"loc":{"start":{"line":539,"column":21},"end":{"line":539,"column":32}}},"49":{"name":"(anonymous_49)","line":553,"loc":{"start":{"line":553,"column":27},"end":{"line":553,"column":62}}},"50":{"name":"(anonymous_50)","line":561,"loc":{"start":{"line":561,"column":21},"end":{"line":561,"column":36}}},"51":{"name":"(anonymous_51)","line":567,"loc":{"start":{"line":567,"column":21},"end":{"line":567,"column":36}}},"52":{"name":"(anonymous_52)","line":573,"loc":{"start":{"line":573,"column":24},"end":{"line":573,"column":42}}},"53":{"name":"(anonymous_53)","line":578,"loc":{"start":{"line":578,"column":15},"end":{"line":578,"column":26}}},"54":{"name":"(anonymous_54)","line":579,"loc":{"start":{"line":579,"column":21},"end":{"line":579,"column":32}}},"55":{"name":"(anonymous_55)","line":588,"loc":{"start":{"line":588,"column":37},"end":{"line":588,"column":55}}},"56":{"name":"(anonymous_56)","line":592,"loc":{"start":{"line":592,"column":33},"end":{"line":592,"column":51}}},"57":{"name":"(anonymous_57)","line":596,"loc":{"start":{"line":596,"column":34},"end":{"line":596,"column":52}}},"58":{"name":"(anonymous_58)","line":600,"loc":{"start":{"line":600,"column":34},"end":{"line":600,"column":52}}},"59":{"name":"(anonymous_59)","line":605,"loc":{"start":{"line":605,"column":30},"end":{"line":605,"column":81}}},"60":{"name":"(anonymous_60)","line":616,"loc":{"start":{"line":616,"column":25},"end":{"line":616,"column":44}}},"61":{"name":"(anonymous_61)","line":622,"loc":{"start":{"line":622,"column":23},"end":{"line":622,"column":40}}},"62":{"name":"(anonymous_62)","line":629,"loc":{"start":{"line":629,"column":35},"end":{"line":629,"column":54}}},"63":{"name":"(anonymous_63)","line":633,"loc":{"start":{"line":633,"column":27},"end":{"line":633,"column":47}}},"64":{"name":"(anonymous_64)","line":638,"loc":{"start":{"line":638,"column":29},"end":{"line":638,"column":51}}},"65":{"name":"(anonymous_65)","line":644,"loc":{"start":{"line":644,"column":35},"end":{"line":644,"column":51}}},"66":{"name":"(anonymous_66)","line":650,"loc":{"start":{"line":650,"column":30},"end":{"line":650,"column":46}}},"67":{"name":"(anonymous_67)","line":659,"loc":{"start":{"line":659,"column":38},"end":{"line":659,"column":56}}},"68":{"name":"(anonymous_68)","line":669,"loc":{"start":{"line":669,"column":34},"end":{"line":669,"column":53}}},"69":{"name":"(anonymous_69)","line":671,"loc":{"start":{"line":671,"column":17},"end":{"line":671,"column":34}}},"70":{"name":"(anonymous_70)","line":680,"loc":{"start":{"line":680,"column":24},"end":{"line":680,"column":43}}},"71":{"name":"(anonymous_71)","line":682,"loc":{"start":{"line":682,"column":17},"end":{"line":682,"column":34}}},"72":{"name":"(anonymous_72)","line":689,"loc":{"start":{"line":689,"column":24},"end":{"line":689,"column":43}}},"73":{"name":"(anonymous_73)","line":691,"loc":{"start":{"line":691,"column":17},"end":{"line":691,"column":34}}},"74":{"name":"(anonymous_74)","line":698,"loc":{"start":{"line":698,"column":27},"end":{"line":698,"column":46}}},"75":{"name":"(anonymous_75)","line":700,"loc":{"start":{"line":700,"column":17},"end":{"line":700,"column":34}}},"76":{"name":"(anonymous_76)","line":711,"loc":{"start":{"line":711,"column":22},"end":{"line":711,"column":41}}},"77":{"name":"(anonymous_77)","line":714,"loc":{"start":{"line":714,"column":19},"end":{"line":714,"column":34}}},"78":{"name":"(anonymous_78)","line":729,"loc":{"start":{"line":729,"column":17},"end":{"line":729,"column":28}}},"79":{"name":"(anonymous_79)","line":739,"loc":{"start":{"line":739,"column":23},"end":{"line":739,"column":42}}},"80":{"name":"(anonymous_80)","line":761,"loc":{"start":{"line":761,"column":17},"end":{"line":761,"column":28}}},"81":{"name":"(anonymous_81)","line":768,"loc":{"start":{"line":768,"column":30},"end":{"line":768,"column":41}}},"82":{"name":"(anonymous_82)","line":772,"loc":{"start":{"line":772,"column":28},"end":{"line":772,"column":47}}},"83":{"name":"(anonymous_83)","line":781,"loc":{"start":{"line":781,"column":17},"end":{"line":781,"column":28}}},"84":{"name":"(anonymous_84)","line":785,"loc":{"start":{"line":785,"column":7},"end":{"line":785,"column":25}}},"85":{"name":"(anonymous_85)","line":792,"loc":{"start":{"line":792,"column":26},"end":{"line":792,"column":53}}},"86":{"name":"(anonymous_86)","line":803,"loc":{"start":{"line":803,"column":17},"end":{"line":803,"column":33}}},"87":{"name":"(anonymous_87)","line":810,"loc":{"start":{"line":810,"column":20},"end":{"line":810,"column":36}}},"88":{"name":"(anonymous_88)","line":827,"loc":{"start":{"line":827,"column":20},"end":{"line":827,"column":36}}},"89":{"name":"(anonymous_89)","line":848,"loc":{"start":{"line":848,"column":23},"end":{"line":848,"column":37}}},"90":{"name":"(anonymous_90)","line":928,"loc":{"start":{"line":928,"column":19},"end":{"line":928,"column":30}}},"91":{"name":"(anonymous_91)","line":940,"loc":{"start":{"line":940,"column":33},"end":{"line":940,"column":52}}},"92":{"name":"(anonymous_92)","line":943,"loc":{"start":{"line":943,"column":17},"end":{"line":943,"column":34}}},"93":{"name":"(anonymous_93)","line":956,"loc":{"start":{"line":956,"column":34},"end":{"line":956,"column":61}}},"94":{"name":"(anonymous_94)","line":959,"loc":{"start":{"line":959,"column":21},"end":{"line":959,"column":38}}},"95":{"name":"(anonymous_95)","line":974,"loc":{"start"
[...]
AIN': 'MAP_TYPE_TERRAIN',","        'NONE': 'MAP_TYPE_NONE'","    },","    external: externalService,","    Geocoder: Geocoder,","    geometry: {","        encoding: {","            decodePath: decodePath,","            encodePath: encodePath","        }","    }","};","","cordova.addConstructor(function() {","    if (!window.Cordova) {","        window.Cordova = cordova;","    };","    window.plugin = window.plugin || {};","    window.plugin.google = window.plugin.google || {};","    window.plugin.google.maps = window.plugin.google.maps || module.exports;","});","window.addEventListener(\"orientationchange\", function() {","    setTimeout(onMapResize, 1000);","});","","","function getAllChildren(root) {","    var list = [];","    var clickable;","    var style, displayCSS, opacityCSS, visibilityCSS;","    var search = function(node) {","        while (node != null) {","            if (node.nodeType == 1) {","                style = window.getComputedStyle(node);","                visibilityCSS = style.getPropertyValue('visibility');","                displayCSS = style.getPropertyValue('display');","                opacityCSS = style.getPropertyValue('opacity');","                if (displayCSS !== \"none\" && opacityCSS > 0 && visibilityCSS != \"hidden\") {","                    clickable = node.getAttribute(\"data-clickable\");","                    if (clickable &&","                        clickable.toLowerCase() === \"false\" &&","                        node.hasChildNodes()) {","                        Array.prototype.push.apply(list, getAllChildren(node));","                    } else {","                        list.push(node);","                    }","                }","            }","            node = node.nextSibling;","        }","    };","    for (var i = 0; i < root.childNodes.length; i++) {","        search(root.childNodes[i]);","    }","    return list;","}","","","document.addEventListener(\"deviceready\", function() {","    document.removeEventListener(\"deviceready\", arguments.callee);","    plugin.google.maps.Map.isAvailable();","});","","var HTML_COLORS = {","    \"aliceblue\": \"#f0f8ff\",","    \"antiquewhite\": \"#faebd7\",","    \"aqua\": \"#00ffff\",","    \"aquamarine\": \"#7fffd4\",","    \"azure\": \"#f0ffff\",","    \"beige\": \"#f5f5dc\",","    \"bisque\": \"#ffe4c4\",","    \"black\": \"#000000\",","    \"blanchedalmond\": \"#ffebcd\",","    \"blue\": \"#0000ff\",","    \"blueviolet\": \"#8a2be2\",","    \"brown\": \"#a52a2a\",","    \"burlywood\": \"#deb887\",","    \"cadetblue\": \"#5f9ea0\",","    \"chartreuse\": \"#7fff00\",","    \"chocolate\": \"#d2691e\",","    \"coral\": \"#ff7f50\",","    \"cornflowerblue\": \"#6495ed\",","    \"cornsilk\": \"#fff8dc\",","    \"crimson\": \"#dc143c\",","    \"cyan\": \"#00ffff\",","    \"darkblue\": \"#00008b\",","    \"darkcyan\": \"#008b8b\",","    \"darkgoldenrod\": \"#b8860b\",","    \"darkgray\": \"#a9a9a9\",","    \"darkgrey\": \"#a9a9a9\",","    \"darkgreen\": \"#006400\",","    \"darkkhaki\": \"#bdb76b\",","    \"darkmagenta\": \"#8b008b\",","    \"darkolivegreen\": \"#556b2f\",","    \"darkorange\": \"#ff8c00\",","    \"darkorchid\": \"#9932cc\",","    \"darkred\": \"#8b0000\",","    \"darksalmon\": \"#e9967a\",","    \"darkseagreen\": \"#8fbc8f\",","    \"darkslateblue\": \"#483d8b\",","    \"darkslategray\": \"#2f4f4f\",","    \"darkslategrey\": \"#2f4f4f\",","    \"darkturquoise\": \"#00ced1\",","    \"darkviolet\": \"#9400d3\",","    \"deeppink\": \"#ff1493\",","    \"deepskyblue\": \"#00bfff\",","    \"dimgray\": \"#696969\",","    \"dimgrey\": \"#696969\",","    \"dodgerblue\": \"#1e90ff\",","    \"firebrick\": \"#b22222\",","    \"floralwhite\": \"#fffaf0\",","    \"forestgreen\": \"#228b22\",","    \"fuchsia\": \"#ff00ff\",","    \"gainsboro\": \"#dcdcdc\",","    \"ghostwhite\": \"#f8f8ff\",","    \"gold\": \"#ffd700\",","    \"goldenrod\": \"#daa520\",","    \"gray\": \"#808080\",","    \"grey\": \"#808080\",","    \"green\": \"#008000\",","    \"greenyellow\": \"#adff2f\",","    \"honeydew\": \"#f0fff0\",","    \"hotpink\": \"#ff69b4\",","    \"indianred \": \"#cd5c5c\",","    \"indigo  \": \"#4b0082\",","    \"ivory\": \"#fffff0\",","    \"khaki\": \"#f0e68c\",","    \"lavender\": \"#e6e6fa\",","    \"lavenderblush\": \"#fff0f5\",","    \"lawngreen\": \"#7cfc00\",","    \"lemonchiffon\": \"#fffacd\",","    \"lightblue\": \"#add8e6\",","    \"lightcoral\": \"#f08080\",","    \"lightcyan\": \"#e0ffff\",","    \"lightgoldenrodyellow\": \"#fafad2\",","    \"lightgray\": \"#d3d3d3\",","    \"lightgrey\": \"#d3d3d3\",","    \"lightgreen\": \"#90ee90\",","    \"lightpink\": \"#ffb6c1\",","    \"lightsalmon\": \"#ffa07a\",","    \"lightseagreen\": \"#20b2aa\",","    \"lightskyblue\": \"#87cefa\",","    \"lightslategray\": \"#778899\",","    \"lightslategrey\": \"#778899\",","    \"lightsteelblue\": \"#b0c4de\",","    \"lightyellow\": \"#ffffe0\",","    \"lime\": \"#00ff00\",","    \"limegreen\": \"#32cd32\",","    \"linen\": \"#faf0e6\",","    \"magenta\": \"#ff00ff\",","    \"maroon\": \"#800000\",","    \"mediumaquamarine\": \"#66cdaa\",","    \"mediumblue\": \"#0000cd\",","    \"mediumorchid\": \"#ba55d3\",","    \"mediumpurple\": \"#9370db\",","    \"mediumseagreen\": \"#3cb371\",","    \"mediumslateblue\": \"#7b68ee\",","    \"mediumspringgreen\": \"#00fa9a\",","    \"mediumturquoise\": \"#48d1cc\",","    \"mediumvioletred\": \"#c71585\",","    \"midnightblue\": \"#191970\",","    \"mintcream\": \"#f5fffa\",","    \"mistyrose\": \"#ffe4e1\",","    \"moccasin\": \"#ffe4b5\",","    \"navajowhite\": \"#ffdead\",","    \"navy\": \"#000080\",","    \"oldlace\": \"#fdf5e6\",","    \"olive\": \"#808000\",","    \"olivedrab\": \"#6b8e23\",","    \"orange\": \"#ffa500\",","    \"orangered\": \"#ff4500\",","    \"orchid\": \"#da70d6\",","    \"palegoldenrod\": \"#eee8aa\",","    \"palegreen\": \"#98fb98\",","    \"paleturquoise\": \"#afeeee\",","    \"palevioletred\": \"#db7093\",","    \"papayawhip\": \"#ffefd5\",","    \"peachpuff\": \"#ffdab9\",","    \"peru\": \"#cd853f\",","    \"pink\": \"#ffc0cb\",","    \"plum\": \"#dda0dd\",","    \"powderblue\": \"#b0e0e6\",","    \"purple\": \"#800080\",","    \"rebeccapurple\": \"#663399\",","    \"red\": \"#ff0000\",","    \"rosybrown\": \"#bc8f8f\",","    \"royalblue\": \"#4169e1\",","    \"saddlebrown\": \"#8b4513\",","    \"salmon\": \"#fa8072\",","    \"sandybrown\": \"#f4a460\",","    \"seagreen\": \"#2e8b57\",","    \"seashell\": \"#fff5ee\",","    \"sienna\": \"#a0522d\",","    \"silver\": \"#c0c0c0\",","    \"skyblue\": \"#87ceeb\",","    \"slateblue\": \"#6a5acd\",","    \"slategray\": \"#708090\",","    \"slategrey\": \"#708090\",","    \"snow\": \"#fffafa\",","    \"springgreen\": \"#00ff7f\",","    \"steelblue\": \"#4682b4\",","    \"tan\": \"#d2b48c\",","    \"teal\": \"#008080\",","    \"thistle\": \"#d8bfd8\",","    \"tomato\": \"#ff6347\",","    \"turquoise\": \"#40e0d0\",","    \"violet\": \"#ee82ee\",","    \"wheat\": \"#f5deb3\",","    \"white\": \"#ffffff\",","    \"whitesmoke\": \"#f5f5f5\",","    \"yellow\": \"#ffff00\",","    \"yellowgreen\": \"#9acd32\"","};",""],"l":{"2":2,"3":2,"4":2,"5":2,"10":2,"11":18,"12":18,"13":18,"15":18,"16":0,"17":0,"18":0,"22":18,"23":0,"24":0,"25":0,"26":0,"27":0,"28":0,"29":0,"32":0,"35":18,"36":0,"38":18,"39":0,"40":0,"42":0,"45":18,"46":0,"47":0,"48":0,"50":0,"51":0,"52":0,"53":0,"54":0,"56":18,"57":0,"59":0,"60":0,"61":0,"63":0,"65":0,"66":0,"71":18,"73":18,"74":0,"75":0,"76":0,"78":0,"79":0,"80":0,"81":0,"82":0,"83":0,"87":0,"88":0,"90":0,"95":0,"96":0,"97":0,"98":0,"99":0,"100":0,"102":0,"105":0,"109":18,"112":18,"113":0,"115":0,"116":0,"117":0,"119":0,"120":0,"122":0,"123":0,"128":18,"130":18,"131":0,"132":0,"133":0,"135":0,"138":18,"140":2,"141":2,"142":2,"147":2,"153":2,"154":0,"155":0,"156":0,"157":0,"166":2,"167":0,"168":0,"172":2,"173":0,"174":0,"175":0,"179":2,"180":0,"181":0,"182":0,"183":0,"184":0,"186":0,"193":2,"194":0,"195":0,"196":0,"197":0,"198":0,"199":0,"201":0,"203":0,"204":0,"205":0,"209":0,"210":0,"212":0,"215":0,"216":0,"221":0,"222":0,"224":0,"227":0,"228":0,"232":0,"233":0,"235":0,"237":0,"238":0,"239":0,"240":0,"241":0,"242":0,"243":0,"244":0,"246":0,"247":0,"251":0,"252":0,"262":2,"263":0,"264":0,"265":0,"266":0,"267":0,"270":0,"272":0,"273":0,"278":2,"279":0,"280":0,"285":2,"286":0,"287":0,"291":2,"293":0,"295":0,"298":0,"299":0,"300":0,"301":0,"302":0,"303":0,"304":0,"305":0,"307":0,"310":0,"311":0,"312":0,"313":0,"314":0,"315":0,"316":0,"318":0,"320":0,"321":0,"322":0,"324":0,"325":0,"326":0,"327":0,"328":0,"330":0,"332":0,"333":0,"337":0,"338":0,"339":0,"340":0,"341":0,"342":0,"343":0,"345":0,"346":0,"348":0,"350":0,"351":0,"352":0,"353":0,"355":0,"356":0,"357":0,"358":0,"359":0,"360":0,"362":0,"366":0,"368":0,"370":0,"371":0,"373":0,"374":0,"375":0,"376":0,"377":0,"380":0,"381":0,"382":0,"383":0,"386":0,"389":0,"390":0,"391":0,"392":0,"395":0,"399":2,"400":0,"401":0,"402":0,"410":2,"411":0,"412":0,"413":0,"419":2,"420":0,"421":0,"422":0,"424":0,"430":1,"431":0,"437":2,"438":0,"439":0,"445":2,"446":0,"447":0,"450":2,"451":0,"452":0,"453":0,"455":0,"456":0,"457":0,"459":0,"460":0,"462":0,"465":2,"466":0,"467":0,"471":2,"472":0,"473":0,"475":2,"476":0,"477":0,"478":0,"490":2,"491":0,"492":0,"494":0,"495":0,"502":2,"503":0,"504":0,"513":2,"514":0,"515":0,"516":0,"519":0,"520":0,"521":0,"525":0,"526":0,"527":0,"531":0,"532":0,"533":0,"537":0,"538":0,"539":0,"540":0,"541":0,"553":2,"554":0,"556":0,"558":0,"560":0,"561":0,"562":0,"566":0,"567":0,"568":0,"572":0,"573":0,"574":0,"578":0,"579":0,"580":0,"581":0,"588":2,"589":0,"590":0,"592":2,"593":0,"594":0,"596":2,"597":0,"598":0,"600":2,"601":0,"602":0,"603":0,"605":2,"606":0,"607":0,"608":0,"610":0,"611":0,"612":0,"614":0,"615":0,"616":0,"617":0,"618":0,"619":0,"622":0,"623":0,"624":0,"627":0,"629":2,"630":0,"631":0,"633":2,"634":0,"635":0,"636":0,"638":2,"639":0,"640":0,"641":0,"644":2,"645":0,"646":0,"650":2,"651":0,"652":0,"653":0,"659":2,"660":0,"661":0,"662":0,"669":2,"670":0,"671":0,"672":0,"673":0,"674":0,"680":2,"681":0,"682":0,"683":0,"684":0,"689":2,"690":0,"691":0,"692":0,"693":0,"698":2,"699":0,"700":0,"701":0,"702":0,"711":2,"712":0,"714":0,"715":0,"716":0,"717":0,"718":0,"719":0,"720":0,"722":0,"725":0,"726":0,"727":0,"729":0,"730":0,"731":0,"739":2,"740":0,"741":0,"742":0,"743":0,"744":0,"745":0,"747":0,"748":0,"749":0,"750":0,"751":0,"753":0,"756":0,"757":0,"758":0,"759":0,"760":0,"761":0,"762":0,"763":0,"768":2,"769":0,"772":2,"773":0,"781":0,"782":0,"783":0,"786":0,"787":0,"792":2,"793":0,"794":0,"795":0,"798":0,"799":0,"801":0,"802":0,"803":0,"804":0,"805":0,"810":2,"811":0,"812":0,"813":0,"814":0,"815":0,"817":0,"818":0,"820":0,"821":0,"822":0,"824":0,"827":2,"828":0,"829":0,"830":0,"831":0,"832":0,"834":0,"835":0,"837":0,"838":0,"839":0,"841":0,"842":0,"848":2,"849":0,"853":0,"854":0,"855":0,"856":0,"857":0,"858":0,"859":0,"860":0,"862":0,"864":0,"865":0,"866":0,"868":0,"869":0,"870":0,"871":0,"872":0,"874":0,"877":0,"878":0,"881":0,"882":0,"883":0,"884":0,"885":0,"886":0,"887":0,"889":0,"890":0,"891":0,"892":0,"894":0,"895":0,"896":0,"898":0,"899":0,"900":0,"901":0,"903":0,"908":0,"910":0,"911":0,"913":0,"914":0,"915":0,"916":0,"917":0,"920":0,"921":0,"922":0,"923":0,"926":0,"928":0,"929":0,"930":0,"933":0,"940":2,"941":0,"943":0,"944":0,"945":0,"946":0,"947":0,"948":0,"956":2,"957":0,"958":0,"959":0,"960":0,"961":0,"965":0,"966":0,"974":2,"975":0,"976":0,"977":0,"978":0,"979":0,"980":0,"984":0,"985":0,"991":2,"992":0,"993":0,"995":0,"996":0,"997":0,"1000":0,"1001":0,"1002":0,"1003":0,"1007":0,"1008":0,"1009":0,"1010":0,"1014":0,"1015":0,"1016":0,"1017":0,"1021":0,"1022":0,"1023":0,"1024":0,"1026":0,"1027":0,"1028":0,"1029":0,"1037":2,"1038":0,"1039":0,"1040":0,"1041":0,"1042":0,"1043":0,"1044":0,"1045":0,"1046":0,"1047":0,"1048":0,"1049":0,"1050":0,"1051":0,"1052":0,"1053":0,"1054":0,"1055":0,"1057":0,"1058":0,"1061":0,"1062":0,"1066":0,"1067":0,"1069":0,"1070":0,"1071":0,"1073":0,"1074":0,"1076":0,"1077":0,"1079":0,"1080":0,"1082":0,"1083":0,"1092":2,"1093":0,"1094":0,"1095":0,"1096":0,"1097":0,"1098":0,"1099":0,"1100":0,"1101":0,"1102":0,"1104":0,"1105":0,"1106":0,"1107":0,"1108":0,"1110":0,"1111":0,"1118":2,"1119":0,"1120":0,"1121":0,"1122":0,"1123":0,"1124":0,"1125":0,"1127":0,"1128":0,"1129":0,"1133":0,"1134":0,"1141":2,"1142":0,"1143":0,"1144":0,"1145":0,"1146":0,"1148":0,"1149":0,"1150":0,"1152":0,"1153":0,"1156":0,"1157":0,"1158":0,"1160":0,"1161":0,"1162":0,"1163":0,"1165":0,"1166":0,"1167":0,"1168":0,"1169":0,"1171":0,"1172":0,"1180":2,"1181":0,"1182":0,"1183":0,"1184":0,"1185":0,"1187":0,"1188":0,"1189":0,"1190":0,"1192":0,"1193":0,"1194":0,"1200":0,"1201":0,"1208":2,"1209":0,"1210":0,"1211":0,"1212":0,"1213":0,"1214":0,"1216":0,"1217":0,"1218":0,"1219":0,"1220":0,"1222":0,"1223":0,"1232":2,"1233":0,"1234":0,"1235":0,"1236":0,"1237":0,"1239":0,"1240":0,"1242":0,"1243":0,"1244":0,"1246":0,"1247":0,"1248":0,"1256":2,"1257":0,"1258":0,"1269":2,"1270":0,"1271":0,"1272":0,"1273":0,"1274":0,"1275":0,"1276":0,"1281":2,"1282":0,"1283":0,"1284":0,"1285":0,"1286":0,"1287":0,"1288":0,"1289":0,"1290":0,"1291":0,"1300":2,"1301":0,"1305":0,"1310":0,"1317":0,"1318":0,"1319":0,"1327":0,"1328":0,"1336":0,"1337":0,"1338":0,"1345":2,"1346":0,"1348":0,"1350":0,"1354":0,"1358":0,"1362":0,"1367":0,"1368":0,"1369":0,"1370":0,"1374":2,"1376":2,"1377":0,"1381":2,"1382":0,"1383":0,"1384":0,"1385":0,"1389":2,"1390":0,"1392":2,"1393":0,"1395":2,"1396":0,"1399":2,"1400":0,"1402":0,"1403":0,"1404":0,"1406":0,"1408":0,"1409":0,"1410":0,"1415":2,"1416":0,"1417":0,"1418":0,"1419":0,"1420":0,"1421":0,"1424":0,"1426":2,"1427":0,"1428":0,"1429":0,"1431":2,"1432":0,"1434":2,"1435":0,"1436":0,"1437":0,"1439":0,"1440":0,"1442":2,"1443":0,"1444":0,"1446":0,"1447":0,"1449":2,"1450":0,"1452":2,"1453":0,"1454":0,"1456":2,"1457":0,"1458":0,"1460":2,"1461":0,"1462":0,"1463":0,"1465":2,"1466":0,"1468":2,"1469":0,"1470":0,"1471":0,"1473":2,"1474":0,"1475":0,"1477":0,"1479":2,"1480":0,"1481":0,"1482":0,"1484":0,"1485":0,"1487":2,"1488":0,"1489":0,"1490":0,"1492":2,"1493":0,"1495":2,"1496":0,"1497":0,"1499":2,"1500":0,"1502":2,"1503":0,"1504":0,"1505":0,"1507":0,"1508":0,"1510":2,"1511":0,"1513":2,"1514":0,"1516":2,"1517":0,"1519":2,"1520":0,"1521":0,"1522":0,"1523":0,"1524":0,"1528":2,"1529":0,"1532":2,"1533":0,"1534":0,"1535":0,"1537":0,"1538":0,"1545":2,"1546":0,"1548":0,"1549":0,"1553":0,"1557":0,"1562":0,"1563":0,"1564":0,"1565":0,"1570":2,"1572":2,"1573":0,"1575":2,"1576":0,"1578":2,"1579":0,"1581":2,"1582":0,"1584":2,"1585":0,"1587":2,"1588":0,"1590":2,"1591":0,"1593":2,"1594":0,"1596":2,"1597":0,"1598":0,"1600":2,"1601":0,"1602":0,"1604":2,"1605":0,"1606":0,"1608":2,"1609":0,"1610":0,"1612":2,"1613":0,"1614":0,"1616":2,"1617":0,"1618":0,"1619":0,"1621":2,"1622":0,"1623":0,"1625":2,"1626":0,"1627":0,"1632":2,"1633":0,"1635":0,"1636":0,"1640":0,"1644":0,"1649":0,"1650":0,"1651":0,"1652":0,"1657":2,"1659":2,"1660":0,"1663":2,"1664":0,"1665":0,"1667":0,"1668":0,"1673":0,"1675":2,"1676":0,"1678":2,"1679":0,"1680":0,"1682":2,"1683":0,"1685":2,"1686":0,"1687":0,"1689":2,"1690":0,"1692":2,"1693":0,"1694":0,"1695":0,"1697":2,"1698":0,"1700":2,"1701":0,"1702":0,"1703":0,"1705":2,"1706":0,"1708":2,"1709":0,"1710":0,"1712":2,"1713":0,"1715":2,"1716":0,"1717":0,"1720":2,"1721":0,"1726":2,"1727":0,"1729":0,"1730":0,"1734":0,"1738":0,"1742":0,"1743":0,"1744":0,"1745":0,"1750":2,"1752":2,"1753":0,"1755":2,"1756":0,"1758":2,"1759":0,"1760":0,"1762":0,"1763":0,"1768":0,"1770":2,"1771":0,"1773":2,"1774":0,"1775":0,"1776":0,"1777":0,"1779":0,"1780":0,"1781":0,"1783":0,"1784":0,"1787":0,"1789":2,"1790":0,"1792":2,"1793":0,"1794":0,"1796":2,"1797":0,"1799":2,"1800":0,"1801":0,"1803":2,"1804":0,"1806":2,"1807":0,"1808":0,"1810":2,"1811":0,"1813":2,"1814":0,"1815":0,"1816":0,"1818":2,"1819":0,"1821":2,"1822":0,"1823":0,"1824":0,"1826":2,"1827":0,"1829":2,"1830":0,"1831":0,"1833":2,"1834":0,"1836":2,"1837":0,"1838":0,"1844":2,"1845":0,"1847":0,"1848":0,"1852":0,"1856":0,"1860":0,"1861":0,"1862":0,"1863":0,"1868":2,"1870":2,"1871":0,"1873":2,"1874":0,"1876":2,"1877":0,"1879":2,"1880":0,"1882":2,"1883":0,"1885":2,"1886":0,"1887":0,"1889":2,"1890":0,"1891":0,"1892":0,"1894":2,"1895":0,"1897":2,"1898":0,"1899":0,"1900":0,"1902":2,"1903":0,"1905":2,"1906":0,"1907":0,"1908":0,"1910":0,"1911":0,"1913":2,"1914":0,"1916":2,"1917":0,"1918":0,"1924":2,"1925":0,"1927":0,"1928":0,"1929":0,"1930":0,"1931":0,"1932":0,"1933":0,"1934":0,"1938":0,"1942":0,"1946":0,"1947":0,"1948":0,"1949":0,"1954":2,"1956":2,"1957":0,"1959":2,"1960":0,"1962":2,"1963":0,"1964":0,"1967":2,"1968":0,"1969":0,"1972":2,"1973":0,"1976":2,"1977":0,"1980":2,"1981":0,"1982":0,"1984":0,"1985":0,"1990":0,"1993":2,"1994":0,"1997":2,"1998":0,"2001":2,"2002":0,"2003":0,"2004":0,"2006":0,"2007":0,"2009":2,"2010":0,"2011":0,"2014":2,"2015":0,"2017":2,"2018":0,"2019":0,"2024":2,"2025":0,"2027":0,"2028":0,"2031":0,"2032":0,"2033":0,"2037":0,"2041":0,"2045":0,"2046":0,"2047":0,"2048":0,"2053":2,"2055":2,"2056":0,"2058":2,"2059":0,"2061":2,"2062":0,"2064":2,"2065":0,"2068":0,"2069":0,"2070":0,"2071":0,"2078":2,"2079":0,"2084":0,"2085":0,"2088":0,"2090":0,"2092":0,"2093":0,"2094":0,"2099":2,"2100":2,"2102":2,"2103":0,"2105":2,"2106":0,"2109":2,"2110":0,"2111":0,"2112":0,"2113":0,"2115":0,"2116":0,"2117":0,"2118":0,"2120":0,"2121":0,"2122":0,"2123":0,"2125":0,"2126":0,"2130":2,"2131":0,"2133":0,"2134":0,"2135":0,"2136":0,"2138":0,"2139":0,"2141":0,"2144":2,"2145":0,"2146":0,"2148":0,"2153":0,"2154":0,"2157":0,"2167":1,"2168":0,"2169":0,"2171":0,"2177":0,"2180":0,"2181":0,"2184":1,"2185":0,"2186":0,"2187":0,"2189":0,"2190":0,"2192":0,"2199":0,"2200":0,"2201":0,"2203":0,"2204":0,"2206":0,"2214":0,"2215":0,"2216":0,"2218":0,"2219":0,"2227":0,"2228":0,"2229":0,"2236":0,"2237":0,"2239":0,"2247":0,"2248":0,"2249":0,"2250":0,"2260":0,"2261":0,"2262":0,"2263":0,"2264":0,"2265":0,"2268":0,"2269":0,"2275":1,"2276":0,"2278":0,"2279":0,"2281":0,"2284":0,"2286":0,"2287":0,"2290":0,"2294":0,"2295":0,"2296":0,"2299":0,"2300":0,"2301":0,"2302":0,"2303":0,"2304":0,"2306":0,"2309":0,"2310":0,"2311":0,"2312":0,"2313":0,"2314":0,"2315":0,"2317":0,"2320":0,"2321":0,"2322":0,"2324":0,"2325":0,"2326":0,"2327":0,"2328":0,"2329":0,"2331":0,"2333":0,"2336":1,"2337":0,"2342":1,"2343":0,"2348":1,"2349":0,"2351":0,"2357":0,"2358":0,"2360":0,"2368":1,"2369":0,"2370":0,"2373":0,"2375":0,"2376":0,"2383":0,"2386":1,"2387":0,"2388":0,"2389":0,"2390":0,"2392":0,"2393":0,"2394":0,"2396":0,"2397":0,"2398":0,"2399":0,"2401":0,"2402":0,"2403":0,"2404":0,"2405":0,"2407":0,"2408":0,"2409":0,"2411":0,"2412":0,"2413":0,"2414":0,"2416":0,"2421":0,"2423":0,"2430":2,"2432":2,"2433":0,"2434":0,"2435":0,"2437":0,"2438":0,"2440":0,"2441":0,"2445":0,"2450":2,"2452":2,"2453":0,"2455":0,"2456":0,"2457":0,"2459":0,"2460":0,"2461":0,"2462":0,"2465":0,"2466":0,"2471":0,"2477":2,"2479":2,"2480":0,"2481":0,"2482":0,"2484":0,"2485":0,"2486":0,"2487":0,"2488":0,"2489":0,"2492":1,"2493":0,"2494":0,"2498":1,"2499":0,"2500":0,"2501":0,"2502":0,"2503":0,"2504":0,"2505":0,"2506":0,"2507":0,"2509":0,"2510":0,"2511":0,"2512":0,"2516":0,"2519":0,"2521":0,"2522":0,"2523":0,"2524":0,"2525":0,"2526":0,"2528":0,"2531":0,"2532":0,"2533":0,"2535":0,"2536":0,"2538":0,"2546":1,"2547":0,"2548":0,"2549":0,"2554":0,"2555":0,"2557":0,"2558":0,"2559":0,"2560":0,"2562":0,"2563":0,"2564":0,"2565":0,"2566":0,"2567":0,"2568":0,"2569":0,"2571":0,"2572":0,"2573":0,"2575":0,"2579":1,"2580":0,"2581":0,"2582":0,"2584":0,"2585":0,"2586":0,"2587":0,"2590":0,"2593":1,"2594":0,"2595":0,"2597":0,"2598":0,"2600":0,"2601":0,"2603":0,"2606":1,"2607":0,"2609":0,"2610":0,"2613":0,"2616":1,"2617":0,"2619":0,"2620":0,"2621":0,"2624":0,"2625":0,"2631":0,"2680":0,"2681":0,"2682":0,"2684":0,"2685":0,"2686":0,"2688":0,"2689":0,"2693":1,"2694":0,"2695":0,"2696":0,"2697":0,"2698":0,"2699":0,"2700":0,"2701":0,"2702":0,"2703":0,"2704":0,"2705":0,"2706":0,"2709":0,"2711":0,"2715":0,"2718":0,"2719":0,"2721":0,"2725":0,"2726":0,"2727":0,"2730":0}}}